#
# A fatal error has been detected by the Java Runtime Environment:
#
#  SIGBUS (0xa) at pc=0x000000010ac0ed72, pid=9252, tid=25347
#
# JRE version: OpenJDK Runtime Environment Temurin-21.0.6+7 (21.0.6+7) (build 21.0.6+7-LTS)
# Java VM: OpenJDK 64-Bit Server VM Temurin-21.0.6+7 (21.0.6+7-LTS, mixed mode, sharing, tiered, compressed oops, compressed class ptrs, parallel gc, bsd-amd64)
# Problematic frame:
# V  [libjvm.dylib+0x952d72]  PSPromotionManager::drain_stacks_depth(bool)+0x242
#
# No core dump will be written. Core dumps have been disabled. To enable core dumping, try "ulimit -c unlimited" before starting Java again
#
# If you would like to submit a bug report, please visit:
#   https://github.com/adoptium/adoptium-support/issues
#

---------------  S U M M A R Y ------------

Command Line: --add-modules=ALL-SYSTEM --add-opens=java.base/java.util=ALL-UNNAMED --add-opens=java.base/java.lang=ALL-UNNAMED --add-opens=java.base/sun.nio.fs=ALL-UNNAMED -Declipse.application=org.eclipse.jdt.ls.core.id1 -Dosgi.bundles.defaultStartLevel=4 -Declipse.product=org.eclipse.jdt.ls.core.product -Djava.import.generatesMetadataFilesAtProjectRoot=false -DDetectVMInstallationsJob.disabled=true -Dfile.encoding=utf8 -XX:+UseParallelGC -XX:GCTimeRatio=4 -XX:AdaptiveSizePolicyWeight=90 -Dsun.zip.disableMemoryMapping=true -Xmx1G -Xms100m -Xlog:disable -javaagent:/Users/malaybhagavan/.vscode/extensions/redhat.java-1.40.0-darwin-x64/lombok/lombok-1.18.36.jar /Users/malaybhagavan/.vscode/extensions/redhat.java-1.40.0-darwin-x64/server/plugins/org.eclipse.equinox.launcher_1.6.1000.v20250131-0606.jar -configuration /Users/malaybhagavan/Library/Application Support/Code/User/globalStorage/redhat.java/1.40.0/config_ss_mac -data /Users/malaybhagavan/Library/Application Support/Code/User/workspaceStorage/b4bbf4ffd24dd437c45192273744ac3f/redhat.java/ss_ws --pipe=/private/var/folders/c3/pjylz10s25l9ds0vrvrl3mmh0000gn/T/lsp-a650ac0509d097f929cc4ed78611c352.sock

Host: "MacBookPro13,2" x86_64 2900 MHz, 4 cores, 8G, Darwin 21.6.0, macOS 12.7.6 (21H1320)
Time: Tue Mar 25 22:02:12 2025 NZDT elapsed time: 5.543166 seconds (0d 0h 0m 5s)

---------------  T H R E A D  ---------------

Current thread (0x00007f9f2b854110):  WorkerThread "GC Thread#2"    [id=25347, stack(0x000070000ce62000,0x000070000cf62000) (1024K)]

Stack: [0x000070000ce62000,0x000070000cf62000],  sp=0x000070000cf61c60,  free space=1023k
Native frames: (J=compiled Java code, j=interpreted, Vv=VM code, C=native code)
V  [libjvm.dylib+0x952d72]  PSPromotionManager::drain_stacks_depth(bool)+0x242
V  [libjvm.dylib+0x93995e]  PSCardTable::scavenge_contents_parallel(ObjectStartArray*, HeapWordImpl**, HeapWordImpl**, PSPromotionManager*, unsigned int, unsigned int)+0x80e
V  [libjvm.dylib+0x9564dd]  ScavengeRootsTask::work(unsigned int)+0xad
V  [libjvm.dylib+0xbbbaf7]  WorkerThread::run()+0x77
V  [libjvm.dylib+0xb01698]  Thread::call_run()+0xa8
V  [libjvm.dylib+0x8f052e]  thread_native_entry(Thread*)+0x10e
C  [libsystem_pthread.dylib+0x64e1]  _pthread_start+0x7d
C  [libsystem_pthread.dylib+0x1f6b]  thread_start+0xf

siginfo: si_signo: 10 (SIGBUS), si_code: 2 (BUS_ADRERR), si_addr: 0x00000007ee6b1158

Registers:
RAX=0x00000000000000fd, RBX=0x00007f9f2b00fe00, RCX=0x0000000000000003, RDX=0x0000000000000000
RSP=0x000070000cf61c60, RBP=0x000070000cf61cb0, RSI=0x00000007ee6b1158, RDI=0x000070000cf61c00
R8 =0x000000010b12b978, R9 =0x000000010b0e55a0, R10=0x0000000000000000, R11=0x000000010b12b980
R12=0x0000000000000000, R13=0x00007f9f2b010118, R14=0x00000007ecac4218, R15=0x00000007eca7ddf8
RIP=0x000000010ac0ed72, EFLAGS=0x0000000000010202, ERR=0x0000000000000004
  TRAPNO=0x000000000000000e


Register to memory mapping:

RAX=0x00000000000000fd is an unknown value
RBX=0x00007f9f2b00fe00 points into unknown readable memory: 0x000000010b0ceb90 | 90 eb 0c 0b 01 00 00 00
RCX=0x0000000000000003 is an unknown value
RDX=0x0 is null
RSP=0x000070000cf61c60 points into unknown readable memory: 0x00000007c017df20 | 20 df 17 c0 07 00 00 00
RBP=0x000070000cf61cb0 points into unknown readable memory: 0x000070000cf61e30 | 30 1e f6 0c 00 70 00 00
RSI=0x00000007ee6b1158 is an unallocated location in the heap
RDI=0x000070000cf61c00 points into unknown readable memory: 0x000000010b0ce480 | 80 e4 0c 0b 01 00 00 00
R8 =0x000000010b12b978: _ZN10PSScavenge26_young_generation_boundaryE+0 in /Users/malaybhagavan/.vscode/extensions/redhat.java-1.40.0-darwin-x64/jre/21.0.6-macosx-x86_64/lib/server/libjvm.dylib at 0x000000010a2bc000
R9 =0x000000010b0e55a0: _ZN14CompressedOops11_narrow_oopE+0 in /Users/malaybhagavan/.vscode/extensions/redhat.java-1.40.0-darwin-x64/jre/21.0.6-macosx-x86_64/lib/server/libjvm.dylib at 0x000000010a2bc000
R10=0x0 is null
R11=0x000000010b12b980: _ZN10PSScavenge37_young_generation_boundary_compressedE+0 in /Users/malaybhagavan/.vscode/extensions/redhat.java-1.40.0-darwin-x64/jre/21.0.6-macosx-x86_64/lib/server/libjvm.dylib at 0x000000010a2bc000
R12=0x0 is null
R13=0x00007f9f2b010118 points into unknown readable memory: 0x0000000000000000 | 00 00 00 00 00 00 00 00
R14=0x00000007ecac4218 is an oop: java.util.jar.Attributes 
{0x00000007ecac4218} - klass: 'java/util/jar/Attributes'
 - ---- fields (total size 2 words):
 - protected 'map' 'Ljava/util/Map;' @12  a 'java/util/LinkedHashMap'{0x00000007ecac4228} (0xfd958845)
R15=0x00000007eca7ddf8 points into unknown readable memory: 0x0000000000000000 | 00 00 00 00 00 00 00 00

Top of Stack: (sp=0x000070000cf61c60)
0x000070000cf61c60:   00000007c017df20 00007f9f2b00ff60
0x000070000cf61c70:   00000040c0180000 00007f9f2b0100e0
0x000070000cf61c80:   00007f9f2b010118 00000007c017e040
0x000070000cf61c90:   00000007c017e000 00000007c017e040
0x000070000cf61ca0:   00000007c017df30 00000007c017c600
0x000070000cf61cb0:   000070000cf61e30 000000010abf595e
0x000070000cf61cc0:   0000000000000000 0000000000000000
0x000070000cf61cd0:   0000000000000000 0000004000001000
0x000070000cf61ce0:   00000200000003e8 0000000000000340
0x000070000cf61cf0:   0000000000000740 000000010b0ce480
0x000070000cf61d00:   00007f9f2af07520 00007f9f2b00fe00
0x000070000cf61d10:   00000007c0343010 0000000000002000
0x000070000cf61d20:   00000007c017a7a0 000070000cf61df8
0x000070000cf61d30:   00007f9f2ba10ac0 00007f9f2b00fe00
0x000070000cf61d40:   0000000000008000 00000007c0170000
0x000070000cf61d50:   00007f9f2ba0f9e0 00000007c0180000
0x000070000cf61d60:   00000007c017c630 00000007c017c630
0x000070000cf61d70:   0000020000000009 ff0202ffffff0202
0x000070000cf61d80:   ffff02ff0202ffff 02ffffff020202ff
0x000070000cf61d90:   ffff020202ffffff ffff02ff02020202
0x000070000cf61da0:   ff02ffffffffffff 0202ffffff02ff02
0x000070000cf61db0:   02ff0202ff020202 ffffffff02ffffff
0x000070000cf61dc0:   ffffffffffffffff ffffffff02ffffff
0x000070000cf61dd0:   ffffffffffffffff 0202020202ffffff
0x000070000cf61de0:   0202020202020202 02020202020202ff
0x000070000cf61df0:   020202ff02020202 00007000091611f8
0x000070000cf61e00:   3c06d535ef5100e5 00007f9f2b00fe00
0x000070000cf61e10:   00007f9f2ba0f7b8 0000000000000003
0x000070000cf61e20:   000070000c33a680 0000000000000003
0x000070000cf61e30:   000070000cf61ee0 000000010ac124dd
0x000070000cf61e40:   0000000000000004 000070000c33a538
0x000070000cf61e50:   00007f9f2b8544b0 00007f9f2b922720 

Instructions: (pc=0x000000010ac0ed72)
0x000000010ac0ec72:   00 48 83 e0 fc e9 ef 06 00 00 0f 1f 40 00 8b 00
0x000000010ac0ec82:   41 f6 c6 02 75 28 41 f6 c6 01 0f 85 ce 00 00 00
0x000000010ac0ec92:   49 8b 36 48 8b 06 89 c1 f7 d1 f6 c1 03 0f 85 fd
0x000000010ac0eca2:   00 00 00 48 83 e0 fc e9 17 01 00 00 66 90 4d 8b
0x000000010ac0ecb2:   6e fe 49 83 e5 fc 31 c9 48 8d 05 df 8c 4d 00 80
0x000000010ac0ecc2:   38 00 0f 94 c1 48 8d 04 8d 0c 00 00 00 4d 63 7c
0x000000010ac0ecd2:   8e 0a 44 3b bb 30 03 00 00 0f 8e af 00 00 00 8b
0x000000010ac0ece2:   8b 2c 03 00 00 45 89 fc 41 29 cc 45 89 64 06 fe
0x000000010ac0ecf2:   8b 83 e0 00 00 00 8b 8b 60 01 00 00 89 c2 29 ca
0x000000010ac0ed02:   f7 d2 f7 c2 fe ff 01 00 0f 85 c5 00 00 00 48 8b
0x000000010ac0ed12:   8b 00 03 00 00 48 3b 8b e8 02 00 00 0f 85 3f 01
0x000000010ac0ed22:   00 00 48 8b 93 10 03 00 00 48 85 d2 0f 84 38 01
0x000000010ac0ed32:   00 00 48 8b 83 20 03 00 00 48 8b 34 c8 48 c1 e1
0x000000010ac0ed42:   03 48 89 b3 20 03 00 00 48 ff ca 48 89 93 10 03
0x000000010ac0ed52:   00 00 e9 4b 01 00 00 0f 1f 80 00 00 00 00 41 8b
0x000000010ac0ed62:   76 ff 49 ff ce 49 8b 11 41 0f b6 49 08 48 d3 e6
0x000000010ac0ed72:   48 8b 04 16 89 c1 f7 d1 f6 c1 03 75 73 48 83 e0
0x000000010ac0ed82:   fc e9 90 00 00 00 0f 1f 84 00 00 00 00 00 41 8b
0x000000010ac0ed92:   4c 05 00 41 89 4c 06 fe 45 31 e4 e9 37 01 00 00
0x000000010ac0eda2:   48 89 df 48 89 c2 e8 73 10 00 00 4c 8d 1d cc cb
0x000000010ac0edb2:   51 00 45 31 d2 4c 8d 0d e2 67 4d 00 4c 8d 05 b3
0x000000010ac0edc2:   cb 51 00 49 89 06 49 8b 08 4c 39 f1 77 65 e9 7b
0x000000010ac0edd2:   03 00 00 48 8b 8b e0 01 00 00 4c 89 34 c1 ff c0
0x000000010ac0ede2:   25 ff ff 01 00 89 83 e0 00 00 00 e9 e7 00 00 00
0x000000010ac0edf2:   48 01 d6 48 89 df 48 89 c2 e8 20 10 00 00 4c 8d
0x000000010ac0ee02:   1d 79 cb 51 00 45 31 d2 4c 8d 0d 8f 67 4d 00 4c
0x000000010ac0ee12:   8d 05 60 cb 51 00 48 89 c2 49 2b 11 41 0f b6 49
0x000000010ac0ee22:   08 48 d3 ea 41 89 16 49 8b 08 4c 39 f1 0f 86 1b
0x000000010ac0ee32:   03 00 00 48 39 c1 0f 87 12 03 00 00 48 8d 05 23
0x000000010ac0ee42:   cb 51 00 48 8b 00 48 8b 40 30 48 8d 0d 85 e6 4f
0x000000010ac0ee52:   00 0f b6 09 49 d3 ee 42 c6 04 30 02 e9 ed 02 00
0x000000010ac0ee62:   00 48 8b 45 d0 48 8b 00 eb 5f 48 8d 34 cd 08 00 


Stack slot to memory mapping:

stack at sp + 0 slots: 0x00000007c017df20 is an oop: java.util.regex.Pattern$BitClass 
{0x00000007c017df20} - klass: 'java/util/regex/Pattern$BitClass'
 - ---- fields (total size 2 words):
 - final 'bits' '[Z' @12  [Z{0x00000007c017df30} (0xf802fbe6)
stack at sp + 1 slots: 0x00007f9f2b00ff60 points into unknown readable memory: 0x000001540000010d | 0d 01 00 00 54 01 00 00
stack at sp + 2 slots: 0x00000040c0180000 is an unknown value
stack at sp + 3 slots: 0x00007f9f2b0100e0 points into unknown readable memory: 0x000000010b0b65b8 | b8 65 0b 0b 01 00 00 00
stack at sp + 4 slots: 0x00007f9f2b010118 points into unknown readable memory: 0x0000000000000000 | 00 00 00 00 00 00 00 00
stack at sp + 5 slots: 0x00000007c017e040 is an oop: java.util.regex.CharPredicates$$Lambda/0x800000027 
{0x00000007c017e040} - klass: 'java/util/regex/CharPredicates$$Lambda+0x800000027'
 - ---- fields (total size 2 words):
stack at sp + 6 slots: 0x00000007c017e000 is pointing into object: [Z 
{0x00000007c017df30} - klass: {type array bool}
 - length: 256
stack at sp + 7 slots: 0x00000007c017e040 is an oop: java.util.regex.CharPredicates$$Lambda/0x800000027 
{0x00000007c017e040} - klass: 'java/util/regex/CharPredicates$$Lambda+0x800000027'
 - ---- fields (total size 2 words):


---------------  P R O C E S S  ---------------

Threads class SMR info:
_java_thread_list=0x00007f9f2e322400, length=18, elements={
0x00007f9f2d009000, 0x00007f9f2c82f800, 0x00007f9f2d010000, 0x00007f9f2c834800,
0x00007f9f2c00ba00, 0x00007f9f2d010800, 0x00007f9f2c018a00, 0x00007f9f2b011000,
0x00007f9f2c016800, 0x00007f9f2b0a7400, 0x00007f9f2b19a400, 0x00007f9f2c915600,
0x00007f9f2b1a3c00, 0x00007f9f2d012000, 0x00007f9f2c202000, 0x00007f9f2d171c00,
0x00007f9f2d176400, 0x00007f9f2c972a00
}

Java Threads: ( => current thread )
  0x00007f9f2d009000 JavaThread "main"                              [_thread_blocked, id=6659, stack(0x000070000bf32000,0x000070000c032000) (1024K)]
  0x00007f9f2c82f800 JavaThread "Reference Handler"          daemon [_thread_blocked, id=42499, stack(0x000070000c444000,0x000070000c544000) (1024K)]
  0x00007f9f2d010000 JavaThread "Finalizer"                  daemon [_thread_blocked, id=41987, stack(0x000070000c547000,0x000070000c647000) (1024K)]
  0x00007f9f2c834800 JavaThread "Signal Dispatcher"          daemon [_thread_blocked, id=41731, stack(0x000070000c64a000,0x000070000c74a000) (1024K)]
  0x00007f9f2c00ba00 JavaThread "Service Thread"             daemon [_thread_blocked, id=41475, stack(0x000070000c74d000,0x000070000c84d000) (1024K)]
  0x00007f9f2d010800 JavaThread "Monitor Deflation Thread"   daemon [_thread_blocked, id=40963, stack(0x000070000c850000,0x000070000c950000) (1024K)]
  0x00007f9f2c018a00 JavaThread "C2 CompilerThread0"         daemon [_thread_blocked, id=40707, stack(0x000070000c953000,0x000070000ca53000) (1024K)]
  0x00007f9f2b011000 JavaThread "C1 CompilerThread0"         daemon [_thread_blocked, id=40195, stack(0x000070000ca56000,0x000070000cb56000) (1024K)]
  0x00007f9f2c016800 JavaThread "Common-Cleaner"             daemon [_thread_blocked, id=39939, stack(0x000070000cb59000,0x000070000cc59000) (1024K)]
  0x00007f9f2b0a7400 JavaThread "Notification Thread"        daemon [_thread_blocked, id=24323, stack(0x000070000cc5c000,0x000070000cd5c000) (1024K)]
  0x00007f9f2b19a400 JavaThread "Active Thread: Equinox Container: 2ce9aae1-4780-4017-95b2-bd4b5a2b765d"        [_thread_blocked, id=25603, stack(0x000070000d068000,0x000070000d168000) (1024K)]
  0x00007f9f2c915600 JavaThread "Framework Event Dispatcher: Equinox Container: 2ce9aae1-4780-4017-95b2-bd4b5a2b765d" daemon [_thread_blocked, id=38915, stack(0x000070000d16b000,0x000070000d26b000) (1024K)]
  0x00007f9f2b1a3c00 JavaThread "Start Level: Equinox Container: 2ce9aae1-4780-4017-95b2-bd4b5a2b765d" daemon [_thread_blocked, id=38659, stack(0x000070000d26e000,0x000070000d36e000) (1024K)]
  0x00007f9f2d012000 JavaThread "SCR Component Actor"        daemon [_thread_blocked, id=38147, stack(0x000070000d371000,0x000070000d471000) (1024K)]
  0x00007f9f2c202000 JavaThread "SCR Component Registry"     daemon [_thread_blocked, id=45575, stack(0x000070000d4f7000,0x000070000d5f7000) (1024K)]
  0x00007f9f2d171c00 JavaThread "Worker-JM"                         [_thread_blocked, id=83715, stack(0x000070000d5fa000,0x000070000d6fa000) (1024K)]
  0x00007f9f2d176400 JavaThread "Worker-0"                          [_thread_blocked, id=84247, stack(0x000070000d6fd000,0x000070000d7fd000) (1024K)]
  0x00007f9f2c972a00 JavaThread "Worker-1"                          [_thread_blocked, id=46087, stack(0x000070000d800000,0x000070000d900000) (1024K)]
Total: 18

Other Threads:
  0x00007f9f2b809050 VMThread "VM Thread"                           [id=19203, stack(0x000070000c23b000,0x000070000c33b000) (1024K)]
  0x00007f9f2b806d00 WatcherThread "VM Periodic Task Thread"        [id=12803, stack(0x000070000c138000,0x000070000c238000) (1024K)]
  0x00007f9f2ba0faf0 WorkerThread "GC Thread#0"                     [id=12547, stack(0x000070000c035000,0x000070000c135000) (1024K)]
  0x00007f9f2b97fd80 WorkerThread "GC Thread#1"                     [id=24835, stack(0x000070000cd5f000,0x000070000ce5f000) (1024K)]
=>0x00007f9f2b854110 WorkerThread "GC Thread#2"                     [id=25347, stack(0x000070000ce62000,0x000070000cf62000) (1024K)]
  0x00007f9f2ba70c30 WorkerThread "GC Thread#3"                     [id=39427, stack(0x000070000cf65000,0x000070000d065000) (1024K)]
Total: 6

Threads with active compile tasks:
C2 CompilerThread0  5559 2427       4       org.lombokweb.asm.ClassReader::readUTF8 (23 bytes)
Total: 1

VM state: at safepoint (normal execution)

VM Mutex/Monitor currently owned by a thread:  ([mutex/lock_event])
[0x000000010b15d0c0] Threads_lock - owner thread: 0x00007f9f2b809050
[0x000000010b15d1c0] Heap_lock - owner thread: 0x00007f9f2b1a3c00

Heap address: 0x00000007c0000000, size: 1024 MB, Compressed Oops mode: Zero based, Oop shift amount: 3

CDS archive(s) mapped at: [0x0000000122000000-0x0000000122bab000-0x0000000122bab000), size 12234752, SharedBaseAddress: 0x0000000122000000, ArchiveRelocationMode: 1.
Compressed class space mapped at: 0x0000000123000000-0x0000000163000000, reserved size: 1073741824
Narrow klass base: 0x0000000122000000, Narrow klass shift: 0, Narrow klass range: 0x100000000

GC Precious Log:
 CardTable entry size: 512
 CPUs: 4 total, 4 available
 Memory: 8192M
 Large Page Support: Disabled
 NUMA Support: Disabled
 Compressed Oops: Enabled (Zero based)
 Alignments: Space 512K, Generation 512K, Heap 2M
 Heap Min Capacity: 100M
 Heap Initial Capacity: 100M
 Heap Max Capacity: 1G
 Pre-touch: Disabled
 Parallel Workers: 4

Heap:
 PSYoungGen      total 29696K, used 29602K [0x00000007eab00000, 0x00000007ecc00000, 0x0000000800000000)
  eden space 25600K, 99% used [0x00000007eab00000,0x00000007ec3eb0f0,0x00000007ec400000)
  from space 4096K, 99% used [0x00000007ec400000,0x00000007ec7fda80,0x00000007ec800000)
  to   space 4096K, 99% used [0x00000007ec800000,0x00000007ecbff218,0x00000007ecc00000)
 ParOldGen       total 68608K, used 6009K [0x00000007c0000000, 0x00000007c4300000, 0x00000007eab00000)
  object space 68608K, 8% used [0x00000007c0000000,0x00000007c05de590,0x00000007c4300000)
 Metaspace       used 15651K, committed 16256K, reserved 1114112K
  class space    used 1565K, committed 1856K, reserved 1048576K

Card table byte_map: [0x0000000106b9a000,0x0000000106d9b000] _byte_map_base: 0x0000000102d9a000

Marking Bits: (ParMarkBitMap*) 0x000000010b12b7b0
 Begin Bits: [0x000000010e767000, 0x000000010f767000)
 End Bits:   [0x000000010f767000, 0x0000000110767000)

Polling page: 0x00000001068c0000

Metaspace:

Usage:
  Non-class:     13.76 MB used.
      Class:      1.53 MB used.
       Both:     15.28 MB used.

Virtual space:
  Non-class space:       64.00 MB reserved,      14.06 MB ( 22%) committed,  1 nodes.
      Class space:        1.00 GB reserved,       1.81 MB ( <1%) committed,  1 nodes.
             Both:        1.06 GB reserved,      15.88 MB (  1%) committed. 

Chunk freelists:
   Non-Class:  1.84 MB
       Class:  14.22 MB
        Both:  16.06 MB

MaxMetaspaceSize: unlimited
CompressedClassSpaceSize: 1.00 GB
Initial GC threshold: 21.00 MB
Current GC threshold: 21.00 MB
CDS: on
 - commit_granule_bytes: 65536.
 - commit_granule_words: 8192.
 - virtual_space_node_default_size: 8388608.
 - enlarge_chunks_in_place: 1.
 - use_allocation_guard: 0.


Internal statistics:

num_allocs_failed_limit: 0.
num_arena_births: 462.
num_arena_deaths: 0.
num_vsnodes_births: 2.
num_vsnodes_deaths: 0.
num_space_committed: 254.
num_space_uncommitted: 0.
num_chunks_returned_to_freelist: 0.
num_chunks_taken_from_freelist: 1041.
num_chunk_merges: 0.
num_chunk_splits: 664.
num_chunks_enlarged: 404.
num_inconsistent_stats: 0.

CodeHeap 'non-profiled nmethods': size=120032Kb used=868Kb max_used=868Kb free=119163Kb
 bounds [0x000000011a88c000, 0x000000011aafc000, 0x0000000121dc4000]
CodeHeap 'profiled nmethods': size=120028Kb used=4325Kb max_used=4325Kb free=115702Kb
 bounds [0x0000000112dc4000, 0x0000000113204000, 0x000000011a2fb000]
CodeHeap 'non-nmethods': size=5700Kb used=1248Kb max_used=1270Kb free=4451Kb
 bounds [0x000000011a2fb000, 0x000000011a56b000, 0x000000011a88c000]
 total_blobs=2962 nmethods=2432 adapters=437
 compilation: enabled
              stopped_count=0, restarted_count=0
 full_count=0

Compilation events (20 events):
Event: 5.525 Thread 0x00007f9f2b011000 2430       3       java.util.regex.Pattern$CharPropertyGreedy::match (160 bytes)
Event: 5.525 Thread 0x00007f9f2c018a00 nmethod 2426 0x000000011a964b90 code [0x000000011a964d40, 0x000000011a965038]
Event: 5.525 Thread 0x00007f9f2b011000 nmethod 2430 0x00000001131f6c10 code [0x00000001131f6e60, 0x00000001131f77d8]
Event: 5.525 Thread 0x00007f9f2c018a00 2427       4       org.lombokweb.asm.ClassReader::readUTF8 (23 bytes)
Event: 5.525 Thread 0x00007f9f2b011000 2431       3       org.lombokweb.asm.Label::addLineNumber (106 bytes)
Event: 5.526 Thread 0x00007f9f2b011000 nmethod 2431 0x00000001131f7b10 code [0x00000001131f7ce0, 0x00000001131f8168]
Event: 5.528 Thread 0x00007f9f2b011000 2434       3       org.lombokweb.asm.Type::hashCode (68 bytes)
Event: 5.529 Thread 0x00007f9f2b011000 nmethod 2434 0x00000001131f8310 code [0x00000001131f8520, 0x00000001131f8c10]
Event: 5.529 Thread 0x00007f9f2b011000 2436       3       org.lombokweb.asm.SymbolTable::addConstantMemberReference (147 bytes)
Event: 5.530 Thread 0x00007f9f2b011000 nmethod 2436 0x00000001131f8f10 code [0x00000001131f91a0, 0x00000001131f9a50]
Event: 5.530 Thread 0x00007f9f2b011000 2435       3       org.lombokweb.asm.SymbolTable::hash (7 bytes)
Event: 5.530 Thread 0x00007f9f2b011000 nmethod 2435 0x00000001131f9f90 code [0x00000001131fa120, 0x00000001131fa210]
Event: 5.532 Thread 0x00007f9f2b011000 2437       3       org.lombokweb.asm.ClassReader::readLabel (20 bytes)
Event: 5.532 Thread 0x00007f9f2b011000 nmethod 2437 0x00000001131fa290 code [0x00000001131fa440, 0x00000001131fa820]
Event: 5.532 Thread 0x00007f9f2b011000 2439       3       org.lombokweb.asm.MethodWriter::visitVarInsn (302 bytes)
Event: 5.533 Thread 0x00007f9f2b011000 nmethod 2439 0x00000001131fa990 code [0x00000001131fabe0, 0x00000001131fb548]
Event: 5.533 Thread 0x00007f9f2b011000 2438       3       org.lombokweb.asm.MethodWriter::visitFieldInsn (258 bytes)
Event: 5.534 Thread 0x00007f9f2b011000 nmethod 2438 0x00000001131fb810 code [0x00000001131fba80, 0x00000001131fc618]
Event: 5.535 Thread 0x00007f9f2b011000 2440       3       java.util.regex.Matcher::reset (128 bytes)
Event: 5.536 Thread 0x00007f9f2b011000 nmethod 2440 0x00000001131fca90 code [0x00000001131fcca0, 0x00000001131fd268]

GC Heap History (7 events):
Event: 3.397 GC heap before
{Heap before GC invocations=1 (full 0):
 PSYoungGen      total 29696K, used 25552K [0x00000007eab00000, 0x00000007ecc00000, 0x0000000800000000)
  eden space 25600K, 99% used [0x00000007eab00000,0x00000007ec3f4128,0x00000007ec400000)
  from space 4096K, 0% used [0x00000007ec800000,0x00000007ec800000,0x00000007ecc00000)
  to   space 4096K, 0% used [0x00000007ec400000,0x00000007ec400000,0x00000007ec800000)
 ParOldGen       total 68608K, used 1047K [0x00000007c0000000, 0x00000007c4300000, 0x00000007eab00000)
  object space 68608K, 1% used [0x00000007c0000000,0x00000007c0105d48,0x00000007c4300000)
 Metaspace       used 4348K, committed 4608K, reserved 1114112K
  class space    used 448K, committed 576K, reserved 1048576K
}
Event: 3.410 GC heap after
{Heap after GC invocations=1 (full 0):
 PSYoungGen      total 29696K, used 2887K [0x00000007eab00000, 0x00000007ecc00000, 0x0000000800000000)
  eden space 25600K, 0% used [0x00000007eab00000,0x00000007eab00000,0x00000007ec400000)
  from space 4096K, 70% used [0x00000007ec400000,0x00000007ec6d1c98,0x00000007ec800000)
  to   space 4096K, 0% used [0x00000007ec800000,0x00000007ec800000,0x00000007ecc00000)
 ParOldGen       total 68608K, used 1055K [0x00000007c0000000, 0x00000007c4300000, 0x00000007eab00000)
  object space 68608K, 1% used [0x00000007c0000000,0x00000007c0107d48,0x00000007c4300000)
 Metaspace       used 4348K, committed 4608K, reserved 1114112K
  class space    used 448K, committed 576K, reserved 1048576K
}
Event: 4.343 GC heap before
{Heap before GC invocations=2 (full 0):
 PSYoungGen      total 29696K, used 28487K [0x00000007eab00000, 0x00000007ecc00000, 0x0000000800000000)
  eden space 25600K, 100% used [0x00000007eab00000,0x00000007ec400000,0x00000007ec400000)
  from space 4096K, 70% used [0x00000007ec400000,0x00000007ec6d1c98,0x00000007ec800000)
  to   space 4096K, 0% used [0x00000007ec800000,0x00000007ec800000,0x00000007ecc00000)
 ParOldGen       total 68608K, used 1055K [0x00000007c0000000, 0x00000007c4300000, 0x00000007eab00000)
  object space 68608K, 1% used [0x00000007c0000000,0x00000007c0107d48,0x00000007c4300000)
 Metaspace       used 8134K, committed 8448K, reserved 1114112K
  class space    used 817K, committed 960K, reserved 1048576K
}
Event: 4.357 GC heap after
{Heap after GC invocations=2 (full 0):
 PSYoungGen      total 29696K, used 4090K [0x00000007eab00000, 0x00000007ecc00000, 0x0000000800000000)
  eden space 25600K, 0% used [0x00000007eab00000,0x00000007eab00000,0x00000007ec400000)
  from space 4096K, 99% used [0x00000007ec800000,0x00000007ecbfe938,0x00000007ecc00000)
  to   space 4096K, 0% used [0x00000007ec400000,0x00000007ec400000,0x00000007ec800000)
 ParOldGen       total 68608K, used 1521K [0x00000007c0000000, 0x00000007c4300000, 0x00000007eab00000)
  object space 68608K, 2% used [0x00000007c0000000,0x00000007c017c630,0x00000007c4300000)
 Metaspace       used 8134K, committed 8448K, reserved 1114112K
  class space    used 817K, committed 960K, reserved 1048576K
}
Event: 5.063 GC heap before
{Heap before GC invocations=3 (full 0):
 PSYoungGen      total 29696K, used 29690K [0x00000007eab00000, 0x00000007ecc00000, 0x0000000800000000)
  eden space 25600K, 100% used [0x00000007eab00000,0x00000007ec400000,0x00000007ec400000)
  from space 4096K, 99% used [0x00000007ec800000,0x00000007ecbfe938,0x00000007ecc00000)
  to   space 4096K, 0% used [0x00000007ec400000,0x00000007ec400000,0x00000007ec800000)
 ParOldGen       total 68608K, used 1521K [0x00000007c0000000, 0x00000007c4300000, 0x00000007eab00000)
  object space 68608K, 2% used [0x00000007c0000000,0x00000007c017c630,0x00000007c4300000)
 Metaspace       used 12862K, committed 13312K, reserved 1114112K
  class space    used 1306K, committed 1472K, reserved 1048576K
}
Event: 5.074 GC heap after
{Heap after GC invocations=3 (full 0):
 PSYoungGen      total 29696K, used 4086K [0x00000007eab00000, 0x00000007ecc00000, 0x0000000800000000)
  eden space 25600K, 0% used [0x00000007eab00000,0x00000007eab00000,0x00000007ec400000)
  from space 4096K, 99% used [0x00000007ec400000,0x00000007ec7fda80,0x00000007ec800000)
  to   space 4096K, 0% used [0x00000007ec800000,0x00000007ec800000,0x00000007ecc00000)
 ParOldGen       total 68608K, used 3340K [0x00000007c0000000, 0x00000007c4300000, 0x00000007eab00000)
  object space 68608K, 4% used [0x00000007c0000000,0x00000007c0343010,0x00000007c4300000)
 Metaspace       used 12862K, committed 13312K, reserved 1114112K
  class space    used 1306K, committed 1472K, reserved 1048576K
}
Event: 5.536 GC heap before
{Heap before GC invocations=4 (full 0):
 PSYoungGen      total 29696K, used 29602K [0x00000007eab00000, 0x00000007ecc00000, 0x0000000800000000)
  eden space 25600K, 99% used [0x00000007eab00000,0x00000007ec3eb0f0,0x00000007ec400000)
  from space 4096K, 99% used [0x00000007ec400000,0x00000007ec7fda80,0x00000007ec800000)
  to   space 4096K, 0% used [0x00000007ec800000,0x00000007ec800000,0x00000007ecc00000)
 ParOldGen       total 68608K, used 3340K [0x00000007c0000000, 0x00000007c4300000, 0x00000007eab00000)
  object space 68608K, 4% used [0x00000007c0000000,0x00000007c0343010,0x00000007c4300000)
 Metaspace       used 15651K, committed 16256K, reserved 1114112K
  class space    used 1565K, committed 1856K, reserved 1048576K
}

Dll operation events (9 events):
Event: 0.031 Loaded shared library /Users/malaybhagavan/.vscode/extensions/redhat.java-1.40.0-darwin-x64/jre/21.0.6-macosx-x86_64/lib/libjava.dylib
Event: 0.534 Loaded shared library /Users/malaybhagavan/.vscode/extensions/redhat.java-1.40.0-darwin-x64/jre/21.0.6-macosx-x86_64/lib/libzip.dylib
Event: 0.617 Loaded shared library /Users/malaybhagavan/.vscode/extensions/redhat.java-1.40.0-darwin-x64/jre/21.0.6-macosx-x86_64/lib/libinstrument.dylib
Event: 0.624 Loaded shared library /Users/malaybhagavan/.vscode/extensions/redhat.java-1.40.0-darwin-x64/jre/21.0.6-macosx-x86_64/lib/libnio.dylib
Event: 0.633 Loaded shared library /Users/malaybhagavan/.vscode/extensions/redhat.java-1.40.0-darwin-x64/jre/21.0.6-macosx-x86_64/lib/libzip.dylib
Event: 0.919 Loaded shared library /Users/malaybhagavan/.vscode/extensions/redhat.java-1.40.0-darwin-x64/jre/21.0.6-macosx-x86_64/lib/libjimage.dylib
Event: 1.041 Loaded shared library /Users/malaybhagavan/.vscode/extensions/redhat.java-1.40.0-darwin-x64/jre/21.0.6-macosx-x86_64/lib/libverify.dylib
Event: 3.585 Loaded shared library /Users/malaybhagavan/.vscode/extensions/redhat.java-1.40.0-darwin-x64/jre/21.0.6-macosx-x86_64/lib/libnet.dylib
Event: 4.335 Loaded shared library /Users/malaybhagavan/Library/Application Support/Code/User/globalStorage/redhat.java/1.40.0/config_ss_mac/org.eclipse.equinox.launcher/org.eclipse.equinox.launcher.cocoa.macosx.x86_64_1.2.1200.v20250212-0927/eclipse_11909.so

Deoptimization events (20 events):
Event: 5.427 Thread 0x00007f9f2b1a3c00 Uncommon trap: trap_request=0xffffffde fr.pc=0x000000011a957874 relative=0x0000000000000234
Event: 5.427 Thread 0x00007f9f2b1a3c00 Uncommon trap: reason=class_check action=maybe_recompile pc=0x000000011a957874 method=java.util.regex.Pattern$BmpCharPropertyGreedy.match(Ljava/util/regex/Matcher;ILjava/lang/CharSequence;)Z @ 70 c2
Event: 5.429 Thread 0x00007f9f2b1a3c00 DEOPT PACKING pc=0x000000011a957874 sp=0x000070000d35f780
Event: 5.429 Thread 0x00007f9f2b1a3c00 DEOPT UNPACKING pc=0x000000011a34e399 sp=0x000070000d35f748 mode 2
Event: 5.429 Thread 0x00007f9f2b1a3c00 Uncommon trap: trap_request=0xffffffde fr.pc=0x000000011a957874 relative=0x0000000000000234
Event: 5.429 Thread 0x00007f9f2b1a3c00 Uncommon trap: reason=class_check action=maybe_recompile pc=0x000000011a957874 method=java.util.regex.Pattern$BmpCharPropertyGreedy.match(Ljava/util/regex/Matcher;ILjava/lang/CharSequence;)Z @ 70 c2
Event: 5.429 Thread 0x00007f9f2b1a3c00 DEOPT PACKING pc=0x000000011a957874 sp=0x000070000d35f600
Event: 5.429 Thread 0x00007f9f2b1a3c00 DEOPT UNPACKING pc=0x000000011a34e399 sp=0x000070000d35f5c8 mode 2
Event: 5.429 Thread 0x00007f9f2b1a3c00 Uncommon trap: trap_request=0xffffffde fr.pc=0x000000011a957874 relative=0x0000000000000234
Event: 5.429 Thread 0x00007f9f2b1a3c00 Uncommon trap: reason=class_check action=maybe_recompile pc=0x000000011a957874 method=java.util.regex.Pattern$BmpCharPropertyGreedy.match(Ljava/util/regex/Matcher;ILjava/lang/CharSequence;)Z @ 70 c2
Event: 5.429 Thread 0x00007f9f2b1a3c00 DEOPT PACKING pc=0x000000011a957874 sp=0x000070000d35f790
Event: 5.429 Thread 0x00007f9f2b1a3c00 DEOPT UNPACKING pc=0x000000011a34e399 sp=0x000070000d35f758 mode 2
Event: 5.429 Thread 0x00007f9f2b1a3c00 Uncommon trap: trap_request=0xffffffde fr.pc=0x000000011a957874 relative=0x0000000000000234
Event: 5.429 Thread 0x00007f9f2b1a3c00 Uncommon trap: reason=class_check action=maybe_recompile pc=0x000000011a957874 method=java.util.regex.Pattern$BmpCharPropertyGreedy.match(Ljava/util/regex/Matcher;ILjava/lang/CharSequence;)Z @ 70 c2
Event: 5.429 Thread 0x00007f9f2b1a3c00 DEOPT PACKING pc=0x000000011a957874 sp=0x000070000d35f610
Event: 5.429 Thread 0x00007f9f2b1a3c00 DEOPT UNPACKING pc=0x000000011a34e399 sp=0x000070000d35f5d8 mode 2
Event: 5.519 Thread 0x00007f9f2b1a3c00 Uncommon trap: trap_request=0xffffff45 fr.pc=0x000000011a962fac relative=0x000000000000082c
Event: 5.519 Thread 0x00007f9f2b1a3c00 Uncommon trap: reason=unstable_if action=reinterpret pc=0x000000011a962fac method=org.lombokweb.asm.ClassReader.readUTF8(I[C)Ljava/lang/String; @ 7 c2
Event: 5.519 Thread 0x00007f9f2b1a3c00 DEOPT PACKING pc=0x000000011a962fac sp=0x000070000d35f550
Event: 5.519 Thread 0x00007f9f2b1a3c00 DEOPT UNPACKING pc=0x000000011a34e399 sp=0x000070000d35f538 mode 2

Classes loaded (20 events):
Event: 5.406 Loading class java/util/Collections$UnmodifiableSortedSet
Event: 5.406 Loading class java/util/Collections$UnmodifiableSortedSet done
Event: 5.412 Loading class java/util/zip/GZIPOutputStream
Event: 5.412 Loading class java/util/zip/GZIPOutputStream done
Event: 5.450 Loading class java/io/StringReader
Event: 5.450 Loading class java/io/StringReader done
Event: 5.450 Loading class java/util/zip/GZIPInputStream
Event: 5.450 Loading class java/util/zip/GZIPInputStream done
Event: 5.471 Loading class java/net/SocketTimeoutException
Event: 5.471 Loading class java/io/InterruptedIOException
Event: 5.471 Loading class java/io/InterruptedIOException done
Event: 5.471 Loading class java/net/SocketTimeoutException done
Event: 5.471 Loading class java/net/SocketException
Event: 5.471 Loading class java/net/SocketException done
Event: 5.471 Loading class java/net/UnknownHostException
Event: 5.471 Loading class java/net/UnknownHostException done
Event: 5.471 Loading class java/net/ProtocolException
Event: 5.471 Loading class java/net/ProtocolException done
Event: 5.487 Loading class java/lang/ThreadLocal$SuppliedThreadLocal
Event: 5.487 Loading class java/lang/ThreadLocal$SuppliedThreadLocal done

Classes unloaded (0 events):
No events

Classes redefined (0 events):
No events

Internal exceptions (20 events):
Event: 5.020 Thread 0x00007f9f2b1a3c00 Exception <a 'java/lang/NoSuchMethodError'{0x00000007ec237e68}: 'java.lang.Object java.lang.invoke.DirectMethodHandle$Holder.invokeVirtual(java.lang.Object, java.lang.Object, java.lang.Object)'> (0x00000007ec237e68) 
thrown [src/hotspot/share/interpreter/linkResolver.cpp, line 773]
Event: 5.023 Thread 0x00007f9f2b1a3c00 Exception <a 'java/lang/NoSuchMethodError'{0x00000007ec24f9d8}: 'java.lang.Object java.lang.invoke.DelegatingMethodHandle$Holder.reinvoke_L(java.lang.Object, java.lang.Object, java.lang.Object, java.lang.Object, int, int)'> (0x00000007ec24f9d8) 
thrown [src/hotspot/share/interpreter/linkResolver.cpp, line 773]
Event: 5.028 Thread 0x00007f9f2b1a3c00 Exception <a 'java/lang/NoSuchMethodError'{0x00000007ec26c1c8}: 'java.lang.Object java.lang.invoke.DirectMethodHandle$Holder.newInvokeSpecial(java.lang.Object, java.lang.Object, java.lang.Object, java.lang.Object, java.lang.Object, java.lang.Object)'> (0x00000007ec26c1c8) 
thrown [src/hotspot/share/interpreter/linkResolver.cpp, line 773]
Event: 5.033 Thread 0x00007f9f2b1a3c00 Exception <a 'java/lang/NoSuchMethodError'{0x00000007ec2979a0}: 'void java.lang.invoke.Invokers$Holder.invokeExact_MT(java.lang.Object, java.lang.Object, java.lang.Object, java.lang.Object)'> (0x00000007ec2979a0) 
thrown [src/hotspot/share/interpreter/linkResolver.cpp, line 773]
Event: 5.060 Thread 0x00007f9f2b1a3c00 Exception <a 'java/io/FileNotFoundException'{0x00000007ec3dd860}> (0x00000007ec3dd860) 
thrown [src/hotspot/share/prims/jni.cpp, line 520]
Event: 5.061 Thread 0x00007f9f2b1a3c00 Exception <a 'java/io/FileNotFoundException'{0x00000007ec3e4268}> (0x00000007ec3e4268) 
thrown [src/hotspot/share/prims/jni.cpp, line 520]
Event: 5.173 Thread 0x00007f9f2b1a3c00 Exception <a 'java/lang/NoSuchMethodError'{0x00000007eaef2b58}: 'java.lang.Object java.lang.invoke.DirectMethodHandle$Holder.newInvokeSpecial(java.lang.Object, java.lang.Object, java.lang.Object, java.lang.Object, java.lang.Object)'> (0x00000007eaef2b58) 
thrown [src/hotspot/share/interpreter/linkResolver.cpp, line 773]
Event: 5.209 Thread 0x00007f9f2b1a3c00 Exception <a 'java/lang/NoSuchMethodError'{0x00000007eafcf580}: 'java.lang.Object java.lang.invoke.DirectMethodHandle$Holder.invokeSpecial(java.lang.Object, java.lang.Object, java.lang.Object, long, java.lang.Object)'> (0x00000007eafcf580) 
thrown [src/hotspot/share/interpreter/linkResolver.cpp, line 773]
Event: 5.210 Thread 0x00007f9f2b1a3c00 Exception <a 'java/lang/NoSuchMethodError'{0x00000007eafd6d10}: 'java.lang.Object java.lang.invoke.DirectMethodHandle$Holder.newInvokeSpecial(java.lang.Object, java.lang.Object, java.lang.Object, long)'> (0x00000007eafd6d10) 
thrown [src/hotspot/share/interpreter/linkResolver.cpp, line 773]
Event: 5.210 Thread 0x00007f9f2b1a3c00 Exception <a 'java/lang/NoSuchMethodError'{0x00000007eafda990}: 'java.lang.Object java.lang.invoke.Invokers$Holder.linkToTargetMethod(java.lang.Object, java.lang.Object, long, java.lang.Object)'> (0x00000007eafda990) 
thrown [src/hotspot/share/interpreter/linkResolver.cpp, line 773]
Event: 5.225 Thread 0x00007f9f2b1a3c00 Exception <a 'java/lang/NoSuchMethodError'{0x00000007eb04c518}: 'int java.lang.invoke.DirectMethodHandle$Holder.invokeStaticInit(java.lang.Object, java.lang.Object, java.lang.Object)'> (0x00000007eb04c518) 
thrown [src/hotspot/share/interpreter/linkResolver.cpp, line 773]
Event: 5.325 Thread 0x00007f9f2b1a3c00 Exception <a 'java/lang/IncompatibleClassChangeError'{0x00000007eb2372a8}: Found class java.lang.Object, but interface was expected> (0x00000007eb2372a8) 
thrown [src/hotspot/share/interpreter/linkResolver.cpp, line 840]
Event: 5.326 Thread 0x00007f9f2b1a3c00 Exception <a 'java/lang/NoSuchMethodError'{0x00000007eb23ac00}: 'java.lang.Object java.lang.invoke.DirectMethodHandle$Holder.invokeSpecial(java.lang.Object, java.lang.Object, java.lang.Object, int, java.lang.Object, java.lang.Object)'> (0x00000007eb23ac00) 
thrown [src/hotspot/share/interpreter/linkResolver.cpp, line 773]
Event: 5.327 Thread 0x00007f9f2b1a3c00 Exception <a 'java/lang/NoSuchMethodError'{0x00000007eb250590}: 'java.lang.Object java.lang.invoke.DirectMethodHandle$Holder.newInvokeSpecial(java.lang.Object, java.lang.Object, java.lang.Object, int, java.lang.Object)'> (0x00000007eb250590) 
thrown [src/hotspot/share/interpreter/linkResolver.cpp, line 773]
Event: 5.327 Thread 0x00007f9f2b1a3c00 Exception <a 'java/lang/NoSuchMethodError'{0x00000007eb254080}: 'java.lang.Object java.lang.invoke.Invokers$Holder.linkToTargetMethod(java.lang.Object, java.lang.Object, int, java.lang.Object, java.lang.Object)'> (0x00000007eb254080) 
thrown [src/hotspot/share/interpreter/linkResolver.cpp, line 773]
Event: 5.328 Thread 0x00007f9f2d176400 Exception <a 'java/lang/NoSuchMethodError'{0x00000007eb02e680}: 'java.lang.Object java.lang.invoke.DirectMethodHandle$Holder.invokeSpecial(java.lang.Object, java.lang.Object, int, java.lang.Object, java.lang.Object)'> (0x00000007eb02e680) 
thrown [src/hotspot/share/interpreter/linkResolver.cpp, line 773]
Event: 5.328 Thread 0x00007f9f2d176400 Exception <a 'java/lang/NoSuchMethodError'{0x00000007eb0353b8}: 'java.lang.Object java.lang.invoke.DirectMethodHandle$Holder.newInvokeSpecial(java.lang.Object, java.lang.Object, int, java.lang.Object)'> (0x00000007eb0353b8) 
thrown [src/hotspot/share/interpreter/linkResolver.cpp, line 773]
Event: 5.352 Thread 0x00007f9f2b1a3c00 Exception <a 'java/lang/NoSuchMethodError'{0x00000007eb379488}: 'void java.lang.invoke.DirectMethodHandle$Holder.invokeSpecial(java.lang.Object, java.lang.Object, java.lang.Object, java.lang.Object, java.lang.Object)'> (0x00000007eb379488) 
thrown [src/hotspot/share/interpreter/linkResolver.cpp, line 773]
Event: 5.403 Thread 0x00007f9f2b1a3c00 Exception <a 'java/lang/NoSuchMethodError'{0x00000007eb62e258}: 'double java.lang.invoke.DirectMethodHandle$Holder.invokeStatic(java.lang.Object, java.lang.Object)'> (0x00000007eb62e258) 
thrown [src/hotspot/share/interpreter/linkResolver.cpp, line 773]
Event: 5.403 Thread 0x00007f9f2b1a3c00 Exception <a 'java/lang/NoSuchMethodError'{0x00000007eb631918}: 'double java.lang.invoke.DirectMethodHandle$Holder.invokeStaticInit(java.lang.Object, java.lang.Object)'> (0x00000007eb631918) 
thrown [src/hotspot/share/interpreter/linkResolver.cpp, line 773]

ZGC Phase Switch (0 events):
No events

VM Operations (20 events):
Event: 4.088 Executing VM operation: HandshakeAllThreads (Deoptimize) done
Event: 4.134 Executing VM operation: HandshakeAllThreads (Deoptimize)
Event: 4.134 Executing VM operation: HandshakeAllThreads (Deoptimize) done
Event: 4.293 Executing VM operation: ICBufferFull
Event: 4.293 Executing VM operation: ICBufferFull done
Event: 4.343 Executing VM operation: ParallelGCFailedAllocation (Allocation Failure)
Event: 4.357 Executing VM operation: ParallelGCFailedAllocation (Allocation Failure) done
Event: 4.363 Executing VM operation: HandshakeAllThreads (Deoptimize)
Event: 4.363 Executing VM operation: HandshakeAllThreads (Deoptimize) done
Event: 4.504 Executing VM operation: HandshakeAllThreads (Deoptimize)
Event: 4.504 Executing VM operation: HandshakeAllThreads (Deoptimize) done
Event: 4.806 Executing VM operation: HandshakeAllThreads (Deoptimize)
Event: 4.806 Executing VM operation: HandshakeAllThreads (Deoptimize) done
Event: 5.063 Executing VM operation: ParallelGCFailedAllocation (Allocation Failure)
Event: 5.074 Executing VM operation: ParallelGCFailedAllocation (Allocation Failure) done
Event: 5.234 Executing VM operation: HandshakeAllThreads (Deoptimize)
Event: 5.234 Executing VM operation: HandshakeAllThreads (Deoptimize) done
Event: 5.309 Executing VM operation: HandshakeAllThreads (Deoptimize)
Event: 5.309 Executing VM operation: HandshakeAllThreads (Deoptimize) done
Event: 5.536 Executing VM operation: ParallelGCFailedAllocation (Allocation Failure)

Memory protections (18 events):
Event: 0.029 Protecting memory [0x000070000bf32000,0x000070000bf36000] with protection modes 0
Event: 0.386 Protecting memory [0x000070000c444000,0x000070000c448000] with protection modes 0
Event: 0.386 Protecting memory [0x000070000c547000,0x000070000c54b000] with protection modes 0
Event: 0.387 Protecting memory [0x000070000c64a000,0x000070000c64e000] with protection modes 0
Event: 0.387 Protecting memory [0x000070000c74d000,0x000070000c751000] with protection modes 0
Event: 0.387 Protecting memory [0x000070000c850000,0x000070000c854000] with protection modes 0
Event: 0.388 Protecting memory [0x000070000c953000,0x000070000c957000] with protection modes 0
Event: 0.399 Protecting memory [0x000070000ca56000,0x000070000ca5a000] with protection modes 0
Event: 0.504 Protecting memory [0x000070000cb59000,0x000070000cb5d000] with protection modes 0
Event: 1.670 Protecting memory [0x000070000cc5c000,0x000070000cc60000] with protection modes 0
Event: 4.061 Protecting memory [0x000070000d068000,0x000070000d06c000] with protection modes 0
Event: 4.241 Protecting memory [0x000070000d16b000,0x000070000d16f000] with protection modes 0
Event: 4.249 Protecting memory [0x000070000d26e000,0x000070000d272000] with protection modes 0
Event: 4.294 Protecting memory [0x000070000d371000,0x000070000d375000] with protection modes 0
Event: 4.489 Protecting memory [0x000070000d4f7000,0x000070000d4fb000] with protection modes 0
Event: 4.880 Protecting memory [0x000070000d5fa000,0x000070000d5fe000] with protection modes 0
Event: 5.214 Protecting memory [0x000070000d6fd000,0x000070000d701000] with protection modes 0
Event: 5.329 Protecting memory [0x000070000d800000,0x000070000d804000] with protection modes 0

Nmethod flushes (0 events):
No events

Events (18 events):
Event: 0.219 Thread 0x00007f9f2d009000 Thread added: 0x00007f9f2d009000
Event: 0.386 Thread 0x00007f9f2d009000 Thread added: 0x00007f9f2c82f800
Event: 0.386 Thread 0x00007f9f2d009000 Thread added: 0x00007f9f2d010000
Event: 0.387 Thread 0x00007f9f2d009000 Thread added: 0x00007f9f2c834800
Event: 0.387 Thread 0x00007f9f2d009000 Thread added: 0x00007f9f2c00ba00
Event: 0.387 Thread 0x00007f9f2d009000 Thread added: 0x00007f9f2d010800
Event: 0.387 Thread 0x00007f9f2d009000 Thread added: 0x00007f9f2c018a00
Event: 0.399 Thread 0x00007f9f2d009000 Thread added: 0x00007f9f2b011000
Event: 0.504 Thread 0x00007f9f2d009000 Thread added: 0x00007f9f2c016800
Event: 1.670 Thread 0x00007f9f2d009000 Thread added: 0x00007f9f2b0a7400
Event: 4.061 Thread 0x00007f9f2d009000 Thread added: 0x00007f9f2b19a400
Event: 4.241 Thread 0x00007f9f2d009000 Thread added: 0x00007f9f2c915600
Event: 4.249 Thread 0x00007f9f2d009000 Thread added: 0x00007f9f2b1a3c00
Event: 4.294 Thread 0x00007f9f2b1a3c00 Thread added: 0x00007f9f2d012000
Event: 4.489 Thread 0x00007f9f2b1a3c00 Thread added: 0x00007f9f2c202000
Event: 4.880 Thread 0x00007f9f2b1a3c00 Thread added: 0x00007f9f2d171c00
Event: 5.214 Thread 0x00007f9f2b1a3c00 Thread added: 0x00007f9f2d176400
Event: 5.329 Thread 0x00007f9f2b1a3c00 Thread added: 0x00007f9f2c972a00


Dynamic libraries:
0x00000001068cf000 	/Users/malaybhagavan/.vscode/extensions/redhat.java-1.40.0-darwin-x64/jre/21.0.6-macosx-x86_64/lib/libjli.dylib
0x00007ff82113d000 	/System/Library/Frameworks/Cocoa.framework/Versions/A/Cocoa
0x00007ff80cd70000 	/System/Library/Frameworks/AppKit.framework/Versions/C/AppKit
0x00007ff810286000 	/System/Library/Frameworks/CoreData.framework/Versions/A/CoreData
0x00007ff80b16f000 	/System/Library/Frameworks/Foundation.framework/Versions/C/Foundation
0x00007ff8150a9000 	/usr/lib/libSystem.B.dylib
0x00007ff80dc00000 	/System/Library/PrivateFrameworks/UIFoundation.framework/Versions/A/UIFoundation
0x00007ff81b023000 	/System/Library/PrivateFrameworks/RemoteViewServices.framework/Versions/A/RemoteViewServices
0x00007ff8132fc000 	/System/Library/PrivateFrameworks/XCTTargetBootstrap.framework/Versions/A/XCTTargetBootstrap
0x00007ff816eb9000 	/System/Library/PrivateFrameworks/InternationalSupport.framework/Versions/A/InternationalSupport
0x00007ff816f43000 	/System/Library/PrivateFrameworks/UserActivity.framework/Versions/A/UserActivity
0x00007ff816291000 	/usr/lib/libspindump.dylib
0x00007ff80de8f000 	/System/Library/Frameworks/UniformTypeIdentifiers.framework/Versions/A/UniformTypeIdentifiers
0x00007ff811a21000 	/usr/lib/libapp_launch_measurement.dylib
0x00007ff810c58000 	/System/Library/PrivateFrameworks/CoreAnalytics.framework/Versions/A/CoreAnalytics
0x00007ff811a24000 	/System/Library/PrivateFrameworks/CoreAutoLayout.framework/Versions/A/CoreAutoLayout
0x00007ff812c54000 	/System/Library/Frameworks/Metal.framework/Versions/A/Metal
0x00007ff813983000 	/usr/lib/liblangid.dylib
0x00007ff813301000 	/System/Library/PrivateFrameworks/CoreSVG.framework/Versions/A/CoreSVG
0x00007ff80f27a000 	/System/Library/PrivateFrameworks/SkyLight.framework/Versions/A/SkyLight
0x00007ff80f619000 	/System/Library/Frameworks/CoreGraphics.framework/Versions/A/CoreGraphics
0x00007ff81b6e5000 	/System/Library/Frameworks/Accelerate.framework/Versions/A/Accelerate
0x00007ff815d10000 	/System/Library/PrivateFrameworks/IconServices.framework/Versions/A/IconServices
0x00007ff812c39000 	/System/Library/Frameworks/IOSurface.framework/Versions/A/IOSurface
0x00007ff810c86000 	/usr/lib/libDiagnosticMessagesClient.dylib
0x00007ff814fc9000 	/usr/lib/libz.1.dylib
0x00007ff81ede1000 	/System/Library/Frameworks/ApplicationServices.framework/Versions/A/ApplicationServices
0x00007ff8132e8000 	/System/Library/PrivateFrameworks/DFRFoundation.framework/Versions/A/DFRFoundation
0x00007ff80c654000 	/usr/lib/libicucore.A.dylib
0x00007ff817caf000 	/System/Library/Frameworks/AudioToolbox.framework/Versions/A/AudioToolbox
0x00007ff816ec5000 	/System/Library/PrivateFrameworks/DataDetectorsCore.framework/Versions/A/DataDetectorsCore
0x00007ff9133c9000 	/System/Library/PrivateFrameworks/TextInput.framework/Versions/A/TextInput
0x00007ff80f1fd000 	/usr/lib/libMobileGestalt.dylib
0x00007ff812ff4000 	/System/Library/Frameworks/Carbon.framework/Versions/A/Frameworks/HIToolbox.framework/Versions/A/HIToolbox
0x00007ff811423000 	/System/Library/Frameworks/QuartzCore.framework/Versions/A/QuartzCore
0x00007ff80c2f9000 	/System/Library/Frameworks/Security.framework/Versions/A/Security
0x00007ff81b05b000 	/System/Library/Frameworks/Carbon.framework/Versions/A/Frameworks/SpeechRecognition.framework/Versions/A/SpeechRecognition
0x00007ff811781000 	/System/Library/PrivateFrameworks/CoreUI.framework/Versions/A/CoreUI
0x00007ff80bbc3000 	/System/Library/Frameworks/CoreAudio.framework/Versions/A/CoreAudio
0x00007ff810d75000 	/System/Library/Frameworks/DiskArbitration.framework/Versions/A/DiskArbitration
0x00007ff816682000 	/System/Library/PrivateFrameworks/MultitouchSupport.framework/Versions/A/MultitouchSupport
0x00007ff80f1fc000 	/usr/lib/libenergytrace.dylib
0x00007ff80cc58000 	/System/Library/Frameworks/IOKit.framework/Versions/A/IOKit
0x00007ff81b44d000 	/System/Library/Frameworks/CoreServices.framework/Versions/A/CoreServices
0x00007ff8119bb000 	/System/Library/PrivateFrameworks/PerformanceAnalysis.framework/Versions/A/PerformanceAnalysis
0x00007ffa23097000 	/System/Library/Frameworks/OpenGL.framework/Versions/A/OpenGL
0x00007ff8145e5000 	/System/Library/PrivateFrameworks/MobileKeyBag.framework/Versions/A/MobileKeyBag
0x00007ff80a137000 	/usr/lib/libobjc.A.dylib
0x00007ff80fce5000 	/System/Library/Frameworks/ColorSync.framework/Versions/A/ColorSync
0x00007ff80a2f2000 	/System/Library/Frameworks/CoreFoundation.framework/Versions/A/CoreFoundation
0x00007ff813579000 	/System/Library/Frameworks/CoreImage.framework/Versions/A/CoreImage
0x00007ff80b9d7000 	/System/Library/Frameworks/CoreText.framework/Versions/A/CoreText
0x00007ff813331000 	/System/Library/Frameworks/ImageIO.framework/Versions/A/ImageIO
0x00007ff8150af000 	/System/Library/PrivateFrameworks/SoftLinking.framework/Versions/A/SoftLinking
0x00007ff811a6c000 	/usr/lib/libxml2.2.dylib
0x00007ff80a1fe000 	/usr/lib/libc++.1.dylib
0x00007ff815333000 	/usr/lib/libcompression.dylib
0x00007ff816dec000 	/System/Library/PrivateFrameworks/TextureIO.framework/Versions/A/TextureIO
0x00007ff815a21000 	/usr/lib/libate.dylib
0x00007ff8150a4000 	/usr/lib/system/libcache.dylib
0x00007ff815060000 	/usr/lib/system/libcommonCrypto.dylib
0x00007ff815089000 	/usr/lib/system/libcompiler_rt.dylib
0x00007ff81507f000 	/usr/lib/system/libcopyfile.dylib
0x00007ff80a032000 	/usr/lib/system/libcorecrypto.dylib
0x00007ff80a0f0000 	/usr/lib/system/libdispatch.dylib
0x00007ff80a2b1000 	/usr/lib/system/libdyld.dylib
0x00007ff81509b000 	/usr/lib/system/libkeymgr.dylib
0x00007ff81503e000 	/usr/lib/system/libmacho.dylib
0x00007ff8146bf000 	/usr/lib/system/libquarantine.dylib
0x00007ff815099000 	/usr/lib/system/libremovefile.dylib
0x00007ff80f24a000 	/usr/lib/system/libsystem_asl.dylib
0x00007ff809fdb000 	/usr/lib/system/libsystem_blocks.dylib
0x00007ff80a175000 	/usr/lib/system/libsystem_c.dylib
0x00007ff815091000 	/usr/lib/system/libsystem_collections.dylib
0x00007ff813973000 	/usr/lib/system/libsystem_configuration.dylib
0x00007ff812c1c000 	/usr/lib/system/libsystem_containermanager.dylib
0x00007ff814d76000 	/usr/lib/system/libsystem_coreservices.dylib
0x00007ff80c8e8000 	/usr/lib/system/libsystem_darwin.dylib
0x00007ff81509c000 	/usr/lib/system/libsystem_dnssd.dylib
0x00007ff80a172000 	/usr/lib/system/libsystem_featureflags.dylib
0x00007ff80a2c7000 	/usr/lib/system/libsystem_info.dylib
0x00007ff814fdc000 	/usr/lib/system/libsystem_m.dylib
0x00007ff80a0c4000 	/usr/lib/system/libsystem_malloc.dylib
0x00007ff80f1e5000 	/usr/lib/system/libsystem_networkextension.dylib
0x00007ff80cd12000 	/usr/lib/system/libsystem_notify.dylib
0x00007ff81b320000 	/usr/lib/system/libsystem_product_info_filter.dylib
0x00007ff813977000 	/usr/lib/system/libsystem_sandbox.dylib
0x00007ff815096000 	/usr/lib/system/libsystem_secinit.dylib
0x00007ff80a26d000 	/usr/lib/system/libsystem_kernel.dylib
0x00007ff80a2bd000 	/usr/lib/system/libsystem_platform.dylib
0x00007ff80a2a5000 	/usr/lib/system/libsystem_pthread.dylib
0x00007ff810a98000 	/usr/lib/system/libsystem_symptoms.dylib
0x00007ff80a019000 	/usr/lib/system/libsystem_trace.dylib
0x00007ff81506c000 	/usr/lib/system/libunwind.dylib
0x00007ff809fdd000 	/usr/lib/system/libxpc.dylib
0x00007ff80a257000 	/usr/lib/libc++abi.dylib
0x00007ff815077000 	/usr/lib/liboah.dylib
0x00007ff8157fd000 	/usr/lib/liblzma.5.dylib
0x00007ff80ae81000 	/System/Library/Frameworks/SystemConfiguration.framework/Versions/A/SystemConfiguration
0x00007ff8150ab000 	/usr/lib/libfakelink.dylib
0x00007ff80ed56000 	/System/Library/Frameworks/CFNetwork.framework/Versions/A/CFNetwork
0x00007ff8151ec000 	/usr/lib/libarchive.2.dylib
0x00007ff81397f000 	/System/Library/PrivateFrameworks/AppleSystemInfo.framework/Versions/A/AppleSystemInfo
0x00007ff8146e6000 	/usr/lib/libbsm.0.dylib
0x00007ff80e365000 	/usr/lib/libnetwork.dylib
0x00007ff815044000 	/usr/lib/system/libkxld.dylib
0x00007ff814319000 	/System/Library/PrivateFrameworks/IOMobileFramebuffer.framework/Versions/A/IOMobileFramebuffer
0x00007ffb22a4d000 	/usr/lib/libCoreEntitlements.dylib
0x00007ff814d58000 	/System/Library/PrivateFrameworks/AppleFSCompression.framework/Versions/A/AppleFSCompression
0x00007ff8146ce000 	/usr/lib/libcoretls.dylib
0x00007ff815817000 	/usr/lib/libcoretls_cfhelpers.dylib
0x00007ff81532d000 	/usr/lib/libpam.2.dylib
0x00007ff8106b7000 	/usr/lib/libsqlite3.dylib
0x00007ff815886000 	/usr/lib/libxar.1.dylib
0x00007ff814d68000 	/usr/lib/libbz2.1.0.dylib
0x00007ff8150b0000 	/usr/lib/libpcap.A.dylib
0x00007ff810a90000 	/usr/lib/libdns_services.dylib
0x00007ff8152fd000 	/usr/lib/libapple_nghttp2.dylib
0x00007ff8150ea000 	/usr/lib/libiconv.2.dylib
0x00007ff81503d000 	/usr/lib/libcharset.1.dylib
0x00007ff8119ef000 	/System/Library/Frameworks/CoreServices.framework/Versions/A/Frameworks/FSEvents.framework/Versions/A/FSEvents
0x00007ff80c8f2000 	/System/Library/Frameworks/CoreServices.framework/Versions/A/Frameworks/CarbonCore.framework/Versions/A/CarbonCore
0x00007ff810cd9000 	/System/Library/Frameworks/CoreServices.framework/Versions/A/Frameworks/Metadata.framework/Versions/A/Metadata
0x00007ff814d7b000 	/System/Library/Frameworks/CoreServices.framework/Versions/A/Frameworks/OSServices.framework/Versions/A/OSServices
0x00007ff815272000 	/System/Library/Frameworks/CoreServices.framework/Versions/A/Frameworks/SearchKit.framework/Versions/A/SearchKit
0x00007ff810a22000 	/System/Library/Frameworks/CoreServices.framework/Versions/A/Frameworks/AE.framework/Versions/A/AE
0x00007ff80a7f5000 	/System/Library/Frameworks/CoreServices.framework/Versions/A/Frameworks/LaunchServices.framework/Versions/A/LaunchServices
0x00007ff8157ae000 	/System/Library/Frameworks/CoreServices.framework/Versions/A/Frameworks/DictionaryServices.framework/Versions/A/DictionaryServices
0x00007ff8119fc000 	/System/Library/Frameworks/CoreServices.framework/Versions/A/Frameworks/SharedFileList.framework/Versions/A/SharedFileList
0x00007ff8146c2000 	/usr/lib/libCheckFix.dylib
0x00007ff80f261000 	/System/Library/PrivateFrameworks/TCC.framework/Versions/A/TCC
0x00007ff813985000 	/System/Library/PrivateFrameworks/CoreNLP.framework/Versions/A/CoreNLP
0x00007ff810c89000 	/System/Library/PrivateFrameworks/MetadataUtilities.framework/Versions/A/MetadataUtilities
0x00007ff80af32000 	/usr/lib/libmecabra.dylib
0x00007ff8146f6000 	/usr/lib/libmecab.dylib
0x00007ff80aefd000 	/usr/lib/libCRFSuite.dylib
0x00007ff814750000 	/usr/lib/libgermantok.dylib
0x00007ff8152d8000 	/usr/lib/libThaiTokenizer.dylib
0x00007ff810d7c000 	/System/Library/Frameworks/Accelerate.framework/Versions/A/Frameworks/vImage.framework/Versions/A/vImage
0x00007ff81b424000 	/System/Library/Frameworks/Accelerate.framework/Versions/A/Frameworks/vecLib.framework/Versions/A/vecLib
0x00007ff8158c7000 	/System/Library/Frameworks/Accelerate.framework/Versions/A/Frameworks/vecLib.framework/Versions/A/libvMisc.dylib
0x00007ff814144000 	/System/Library/Frameworks/Accelerate.framework/Versions/A/Frameworks/vecLib.framework/Versions/A/libvDSP.dylib
0x00007ff80ab71000 	/System/Library/Frameworks/Accelerate.framework/Versions/A/Frameworks/vecLib.framework/Versions/A/libBLAS.dylib
0x00007ff815410000 	/System/Library/Frameworks/Accelerate.framework/Versions/A/Frameworks/vecLib.framework/Versions/A/libLAPACK.dylib
0x00007ff814753000 	/System/Library/Frameworks/Accelerate.framework/Versions/A/Frameworks/vecLib.framework/Versions/A/libLinearAlgebra.dylib
0x00007ff815315000 	/System/Library/Frameworks/Accelerate.framework/Versions/A/Frameworks/vecLib.framework/Versions/A/libSparseBLAS.dylib
0x00007ff81540a000 	/System/Library/Frameworks/Accelerate.framework/Versions/A/Frameworks/vecLib.framework/Versions/A/libQuadrature.dylib
0x00007ff813a70000 	/System/Library/Frameworks/Accelerate.framework/Versions/A/Frameworks/vecLib.framework/Versions/A/libBNNS.dylib
0x00007ff80ae0b000 	/System/Library/Frameworks/Accelerate.framework/Versions/A/Frameworks/vecLib.framework/Versions/A/libSparse.dylib
0x00007ff813a69000 	/System/Library/PrivateFrameworks/LinguisticData.framework/Versions/A/LinguisticData
0x00007ff80adc1000 	/System/Library/PrivateFrameworks/Lexicon.framework/Versions/A/Lexicon
0x00007ff8158c0000 	/usr/lib/libChineseTokenizer.dylib
0x00007ff80b52c000 	/System/Library/PrivateFrameworks/LanguageModeling.framework/Versions/A/LanguageModeling
0x00007ff8152da000 	/System/Library/PrivateFrameworks/AppleSauce.framework/Versions/A/AppleSauce
0x00007ff814307000 	/System/Library/PrivateFrameworks/CoreEmoji.framework/Versions/A/CoreEmoji
0x00007ff8151db000 	/usr/lib/libcmph.dylib
0x00007ff8119d3000 	/System/Library/Frameworks/OpenDirectory.framework/Versions/A/Frameworks/CFOpenDirectory.framework/Versions/A/CFOpenDirectory
0x00007ff8119c7000 	/System/Library/Frameworks/OpenDirectory.framework/Versions/A/OpenDirectory
0x00007ff815819000 	/System/Library/PrivateFrameworks/APFS.framework/Versions/A/APFS
0x00007ff81461d000 	/System/Library/Frameworks/SecurityFoundation.framework/Versions/A/SecurityFoundation
0x00007ff815894000 	/usr/lib/libutil.dylib
0x00007ff80cc1c000 	/System/Library/PrivateFrameworks/CoreServicesStore.framework/Versions/A/CoreServicesStore
0x00007ff815898000 	/usr/lib/libxslt.1.dylib
0x00007ff8146aa000 	/System/Library/PrivateFrameworks/BackgroundTaskManagement.framework/Versions/A/BackgroundTaskManagement
0x00007ff816d0c000 	/System/Library/Frameworks/ImageIO.framework/Versions/A/Resources/libRadiance.dylib
0x00007ff816d15000 	/System/Library/Frameworks/ImageIO.framework/Versions/A/Resources/libJPEG.dylib
0x00007ff816c61000 	/System/Library/Frameworks/ImageIO.framework/Versions/A/Resources/libPng.dylib
0x00007ff816c82000 	/System/Library/Frameworks/ImageIO.framework/Versions/A/Resources/libTIFF.dylib
0x00007ff816d75000 	/System/Library/Frameworks/ImageIO.framework/Versions/A/Resources/libGIF.dylib
0x00007ff81659b000 	/System/Library/Frameworks/ImageIO.framework/Versions/A/Resources/libJP2.dylib
0x00007ff815cd6000 	/usr/lib/libexpat.1.dylib
0x00007ff816550000 	/System/Library/PrivateFrameworks/AppleJPEG.framework/Versions/A/AppleJPEG
0x00007ff812eb9000 	/System/Library/PrivateFrameworks/FontServices.framework/libFontParser.dylib
0x00007ff8109cc000 	/System/Library/PrivateFrameworks/RunningBoardServices.framework/Versions/A/RunningBoardServices
0x00007ff8216f8000 	/System/Library/PrivateFrameworks/IOSurfaceAccelerator.framework/Versions/A/IOSurfaceAccelerator
0x00007ff81667e000 	/System/Library/PrivateFrameworks/WatchdogClient.framework/Versions/A/WatchdogClient
0x00007ff80b61a000 	/System/Library/Frameworks/CoreDisplay.framework/Versions/A/CoreDisplay
0x00007ff812db7000 	/System/Library/Frameworks/CoreMedia.framework/Versions/A/CoreMedia
0x00007ff812c4b000 	/System/Library/PrivateFrameworks/IOAccelerator.framework/Versions/A/IOAccelerator
0x00007ff811b50000 	/System/Library/Frameworks/CoreVideo.framework/Versions/A/CoreVideo
0x00007ff81532b000 	/System/Library/Frameworks/MetalPerformanceShaders.framework/Versions/A/MetalPerformanceShaders
0x00007ff8166bb000 	/System/Library/Frameworks/VideoToolbox.framework/Versions/A/VideoToolbox
0x00007ff810916000 	/System/Library/PrivateFrameworks/BaseBoard.framework/Versions/A/BaseBoard
0x00007ff81069d000 	/System/Library/PrivateFrameworks/ProtocolBuffer.framework/Versions/A/ProtocolBuffer
0x00007ff816d05000 	/System/Library/PrivateFrameworks/GPUWrangler.framework/Versions/A/GPUWrangler
0x00007ff816ce9000 	/System/Library/PrivateFrameworks/IOPresentment.framework/Versions/A/IOPresentment
0x00007ff816d0f000 	/System/Library/PrivateFrameworks/DSExternalDisplay.framework/Versions/A/DSExternalDisplay
0x00007ffa2308b000 	/System/Library/Frameworks/OpenGL.framework/Versions/A/Libraries/libCoreFSCache.dylib
0x00007ffb10160000 	/System/Library/PrivateFrameworks/GPUCompiler.framework/Versions/31001/Libraries/libGPUCompilerUtils.dylib
0x00007ff816d7a000 	/System/Library/PrivateFrameworks/CMCaptureCore.framework/Versions/A/CMCaptureCore
0x00007ff81627f000 	/System/Library/PrivateFrameworks/AppServerSupport.framework/Versions/A/AppServerSupport
0x00007ff818548000 	/System/Library/PrivateFrameworks/perfdata.framework/Versions/A/perfdata
0x00007ff80b746000 	/System/Library/PrivateFrameworks/AudioToolboxCore.framework/Versions/A/AudioToolboxCore
0x00007ff812d95000 	/System/Library/PrivateFrameworks/caulk.framework/Versions/A/caulk
0x00007ff817e5a000 	/usr/lib/libAudioStatistics.dylib
0x00007ff90fb4e000 	/System/Library/PrivateFrameworks/SystemPolicy.framework/Versions/A/SystemPolicy
0x00007ff8180b5000 	/usr/lib/libSMC.dylib
0x00007ff820ff0000 	/System/Library/Frameworks/CoreMIDI.framework/Versions/A/CoreMIDI
0x00007ff816c30000 	/usr/lib/libAudioToolboxUtility.dylib
0x00007ff90bd6e000 	/System/Library/PrivateFrameworks/OSAServicesClient.framework/Versions/A/OSAServicesClient
0x00007ff818555000 	/usr/lib/libperfcheck.dylib
0x00007ff9105ff000 	/usr/lib/libmis.dylib
0x00007ffa230e6000 	/System/Library/Frameworks/OpenGL.framework/Versions/A/Libraries/libGLU.dylib
0x00007ffa230aa000 	/System/Library/Frameworks/OpenGL.framework/Versions/A/Libraries/libGFXShared.dylib
0x00007ffa232b3000 	/System/Library/Frameworks/OpenGL.framework/Versions/A/Libraries/libGL.dylib
0x00007ffa230b3000 	/System/Library/Frameworks/OpenGL.framework/Versions/A/Libraries/libGLImage.dylib
0x00007ffa230a7000 	/System/Library/Frameworks/OpenGL.framework/Versions/A/Libraries/libCVMSPluginSupport.dylib
0x00007ffa23092000 	/System/Library/Frameworks/OpenGL.framework/Versions/A/Libraries/libCoreVMClient.dylib
0x00007ff813901000 	/System/Library/Frameworks/MetalPerformanceShaders.framework/Versions/A/Frameworks/MPSCore.framework/Versions/A/MPSCore
0x00007ff814cc3000 	/System/Library/Frameworks/MetalPerformanceShaders.framework/Versions/A/Frameworks/MPSImage.framework/Versions/A/MPSImage
0x00007ff814769000 	/System/Library/Frameworks/MetalPerformanceShaders.framework/Versions/A/Frameworks/MPSNeuralNetwork.framework/Versions/A/MPSNeuralNetwork
0x00007ff814bdd000 	/System/Library/Frameworks/MetalPerformanceShaders.framework/Versions/A/Frameworks/MPSMatrix.framework/Versions/A/MPSMatrix
0x00007ff814998000 	/System/Library/Frameworks/MetalPerformanceShaders.framework/Versions/A/Frameworks/MPSRayIntersector.framework/Versions/A/MPSRayIntersector
0x00007ff814c15000 	/System/Library/Frameworks/MetalPerformanceShaders.framework/Versions/A/Frameworks/MPSNDArray.framework/Versions/A/MPSNDArray
0x00007ffa28b6b000 	/System/Library/Frameworks/MetalPerformanceShaders.framework/Versions/A/Frameworks/MPSFunctions.framework/Versions/A/MPSFunctions
0x00007ff80aa4d000 	/System/Library/PrivateFrameworks/MetalTools.framework/Versions/A/MetalTools
0x00007ff81397d000 	/System/Library/PrivateFrameworks/AggregateDictionary.framework/Versions/A/AggregateDictionary
0x00007ff815ab8000 	/usr/lib/libIOReport.dylib
0x00007ffa246c2000 	/System/Library/Frameworks/OpenCL.framework/Versions/A/OpenCL
0x00007ff815e1d000 	/System/Library/PrivateFrameworks/FaceCore.framework/Versions/A/FaceCore
0x00007ff815e0e000 	/System/Library/PrivateFrameworks/GraphVisualizer.framework/Versions/A/GraphVisualizer
0x00007ffb1006b000 	/System/Library/PrivateFrameworks/FontServices.framework/Versions/A/FontServices
0x00007ff816237000 	/System/Library/PrivateFrameworks/OTSVG.framework/Versions/A/OTSVG
0x00007ff811736000 	/System/Library/Frameworks/ApplicationServices.framework/Versions/A/Frameworks/ATS.framework/Versions/A/Resources/libFontRegistry.dylib
0x00007ff816287000 	/System/Library/PrivateFrameworks/FontServices.framework/libhvf.dylib
0x00007ffb1006c000 	/System/Library/PrivateFrameworks/FontServices.framework/libXTFontStaticRegistryData.dylib
0x00007ff815c86000 	/System/Library/PrivateFrameworks/AppleVA.framework/Versions/A/AppleVA
0x00007ff817e7a000 	/System/Library/Frameworks/ApplicationServices.framework/Versions/A/Frameworks/ATS.framework/Versions/A/ATS
0x00007ff80fde3000 	/System/Library/Frameworks/ApplicationServices.framework/Versions/A/Frameworks/HIServices.framework/Versions/A/HIServices
0x00007ff816d84000 	/System/Library/Frameworks/ApplicationServices.framework/Versions/A/Frameworks/PrintCore.framework/Versions/A/PrintCore
0x00007ff818208000 	/System/Library/Frameworks/ApplicationServices.framework/Versions/A/Frameworks/QD.framework/Versions/A/QD
0x00007ff818200000 	/System/Library/Frameworks/ApplicationServices.framework/Versions/A/Frameworks/ColorSyncLegacy.framework/Versions/A/ColorSyncLegacy
0x00007ff817e6a000 	/System/Library/Frameworks/ApplicationServices.framework/Versions/A/Frameworks/SpeechSynthesis.framework/Versions/A/SpeechSynthesis
0x00007ff816d45000 	/System/Library/Frameworks/ApplicationServices.framework/Versions/A/Frameworks/ATSUI.framework/Versions/A/ATSUI
0x00007ff818195000 	/usr/lib/libcups.2.dylib
0x00007ff818564000 	/System/Library/Frameworks/Kerberos.framework/Versions/A/Kerberos
0x00007ff818573000 	/System/Library/Frameworks/GSS.framework/Versions/A/GSS
0x00007ff817ee6000 	/usr/lib/libresolv.9.dylib
0x00007ff816296000 	/System/Library/PrivateFrameworks/Heimdal.framework/Versions/A/Heimdal
0x00007ff81f173000 	/System/Library/Frameworks/Kerberos.framework/Versions/A/Libraries/libHeimdalProxy.dylib
0x00007ff810aa0000 	/System/Library/Frameworks/Network.framework/Versions/A/Network
0x00007ff815cf1000 	/usr/lib/libheimdal-asn1.dylib
0x00007ff8185be000 	/System/Library/PrivateFrameworks/CommonAuth.framework/Versions/A/CommonAuth
0x00007ff817dec000 	/System/Library/PrivateFrameworks/AudioSession.framework/Versions/A/AudioSession
0x00007ff815d81000 	/System/Library/PrivateFrameworks/MediaExperience.framework/Versions/A/MediaExperience
0x00007ff817c7e000 	/System/Library/PrivateFrameworks/AudioSession.framework/libSessionUtility.dylib
0x00007ff818214000 	/System/Library/PrivateFrameworks/AudioResourceArbitration.framework/Versions/A/AudioResourceArbitration
0x00007ff81c297000 	/System/Library/PrivateFrameworks/PowerLog.framework/Versions/A/PowerLog
0x00007ff815cfa000 	/System/Library/PrivateFrameworks/IconFoundation.framework/Versions/A/IconFoundation
0x00007ff81b04b000 	/System/Library/PrivateFrameworks/SpeechRecognitionCore.framework/Versions/A/SpeechRecognitionCore
0x000000010a2bc000 	/Users/malaybhagavan/.vscode/extensions/redhat.java-1.40.0-darwin-x64/jre/21.0.6-macosx-x86_64/lib/server/libjvm.dylib
0x00000001068f7000 	/Users/malaybhagavan/.vscode/extensions/redhat.java-1.40.0-darwin-x64/jre/21.0.6-macosx-x86_64/lib/libjimage.dylib
0x000000010691a000 	/Users/malaybhagavan/.vscode/extensions/redhat.java-1.40.0-darwin-x64/jre/21.0.6-macosx-x86_64/lib/libinstrument.dylib
0x0000000106958000 	/Users/malaybhagavan/.vscode/extensions/redhat.java-1.40.0-darwin-x64/jre/21.0.6-macosx-x86_64/lib/libjava.dylib
0x0000000106f19000 	/Users/malaybhagavan/.vscode/extensions/redhat.java-1.40.0-darwin-x64/jre/21.0.6-macosx-x86_64/lib/libzip.dylib
0x0000000106f41000 	/Users/malaybhagavan/.vscode/extensions/redhat.java-1.40.0-darwin-x64/jre/21.0.6-macosx-x86_64/lib/libnio.dylib
0x0000000106f05000 	/Users/malaybhagavan/.vscode/extensions/redhat.java-1.40.0-darwin-x64/jre/21.0.6-macosx-x86_64/lib/libnet.dylib
0x0000000106f74000 	/Users/malaybhagavan/.vscode/extensions/redhat.java-1.40.0-darwin-x64/jre/21.0.6-macosx-x86_64/lib/libverify.dylib
0x0000000106fa9000 	/Users/malaybhagavan/Library/Application Support/Code/User/globalStorage/redhat.java/1.40.0/config_ss_mac/org.eclipse.equinox.launcher/org.eclipse.equinox.launcher.cocoa.macosx.x86_64_1.2.1200.v20250212-0927/eclipse_11909.so
0x00007ff80cbde000 	/System/Library/PrivateFrameworks/CoreServicesInternal.framework/Versions/A/CoreServicesInternal
0x00007ff81c888000 	/System/Library/Frameworks/FileProvider.framework/Versions/A/FileProvider
0x00007ff810883000 	/System/Library/Frameworks/Accounts.framework/Versions/A/Accounts
0x00007ff81ca01000 	/System/Library/PrivateFrameworks/GenerationalStorage.framework/Versions/A/GenerationalStorage
0x00007ff81d512000 	/System/Library/PrivateFrameworks/CoreSymbolication.framework/Versions/A/CoreSymbolication
0x00007ff81c28c000 	/System/Library/PrivateFrameworks/SymptomDiagnosticReporter.framework/Versions/A/SymptomDiagnosticReporter
0x00007ff80dea3000 	/System/Library/PrivateFrameworks/DesktopServicesPriv.framework/Versions/A/DesktopServicesPriv
0x00007ff80cd21000 	/usr/lib/libsandbox.1.dylib
0x00007ff811bcf000 	/System/Library/PrivateFrameworks/UserManagement.framework/Versions/A/UserManagement
0x00007ff81d4d7000 	/System/Library/PrivateFrameworks/DebugSymbols.framework/Versions/A/DebugSymbols
0x00007ff8181f5000 	/System/Library/PrivateFrameworks/NetAuth.framework/Versions/A/NetAuth
0x00007ff819104000 	/System/Library/PrivateFrameworks/Sharing.framework/Versions/A/Sharing
0x00007ff811ba2000 	/System/Library/PrivateFrameworks/login.framework/Versions/A/Frameworks/loginsupport.framework/Versions/A/loginsupport
0x00007ff81e676000 	/System/Library/PrivateFrameworks/Apple80211.framework/Versions/A/Apple80211
0x00007ff814da8000 	/System/Library/PrivateFrameworks/AuthKit.framework/Versions/A/AuthKit
0x00007ff8143fd000 	/System/Library/PrivateFrameworks/CoreUtils.framework/Versions/A/CoreUtils
0x00007ff814324000 	/System/Library/Frameworks/CoreWLAN.framework/Versions/A/CoreWLAN
0x00007ff819263000 	/System/Library/Frameworks/IOBluetooth.framework/Versions/A/IOBluetooth
0x00007ff81e6de000 	/System/Library/PrivateFrameworks/CoreWiFi.framework/Versions/A/CoreWiFi
0x00007ff81d0ab000 	/System/Library/PrivateFrameworks/FrontBoardServices.framework/Versions/A/FrontBoardServices
0x00007ff81d13c000 	/System/Library/PrivateFrameworks/BoardServices.framework/Versions/A/BoardServices
0x00007ff81460c000 	/System/Library/PrivateFrameworks/AssertionServices.framework/Versions/A/AssertionServices
0x00007ff81e861000 	/System/Library/PrivateFrameworks/BackBoardServices.framework/Versions/A/BackBoardServices
0x00007ff81864f000 	/System/Library/PrivateFrameworks/CorePhoneNumbers.framework/Versions/A/CorePhoneNumbers
0x00007ff817f13000 	/System/Library/PrivateFrameworks/MultiverseSupport.framework/Versions/A/MultiverseSupport
0x00007ff81ead5000 	/System/Library/PrivateFrameworks/RemoteServiceDiscovery.framework/Versions/A/RemoteServiceDiscovery
0x00007ff81c3a9000 	/System/Library/PrivateFrameworks/DiskManagement.framework/Versions/A/DiskManagement
0x00007ff81c2bd000 	/System/Library/PrivateFrameworks/AppleIDAuthSupport.framework/Versions/A/AppleIDAuthSupport
0x00007ffb0a9e7000 	/System/Library/PrivateFrameworks/AAAFoundation.framework/Versions/A/AAAFoundation
0x00007ff818630000 	/System/Library/PrivateFrameworks/KeychainCircle.framework/Versions/A/KeychainCircle
0x00007ff81eae5000 	/System/Library/PrivateFrameworks/RemoteXPC.framework/Versions/A/RemoteXPC
0x00007ff81c375000 	/System/Library/PrivateFrameworks/MediaKit.framework/Versions/A/MediaKit
0x00007ff81c2c9000 	/System/Library/Frameworks/DiscRecording.framework/Versions/A/DiscRecording
0x00007ff815bfe000 	/usr/lib/libCoreStorage.dylib
0x00007ff81eb50000 	/usr/lib/libcsfde.dylib
0x00007ff819330000 	/System/Library/PrivateFrameworks/ProtectedCloudStorage.framework/Versions/A/ProtectedCloudStorage
0x00007ff81eb4c000 	/System/Library/PrivateFrameworks/EFILogin.framework/Versions/A/EFILogin
0x00007ff81ca27000 	/System/Library/PrivateFrameworks/OctagonTrust.framework/Versions/A/OctagonTrust
0x00007ffb0f2cf000 	/System/Library/PrivateFrameworks/CoreUtilsExtras.framework/Versions/A/CoreUtilsExtras
0x00007ff81c1f0000 	/System/Library/Frameworks/CoreBluetooth.framework/Versions/A/CoreBluetooth
0x00007ff81f1f8000 	/System/Library/Frameworks/AudioUnit.framework/Versions/A/AudioUnit
0x00007ff815bf6000 	/usr/lib/libMatch.1.dylib
0x00007ff8118c7000 	/System/Library/PrivateFrameworks/ViewBridge.framework/Versions/A/ViewBridge


VM Arguments:
jvm_args: --add-modules=ALL-SYSTEM --add-opens=java.base/java.util=ALL-UNNAMED --add-opens=java.base/java.lang=ALL-UNNAMED --add-opens=java.base/sun.nio.fs=ALL-UNNAMED -Declipse.application=org.eclipse.jdt.ls.core.id1 -Dosgi.bundles.defaultStartLevel=4 -Declipse.product=org.eclipse.jdt.ls.core.product -Djava.import.generatesMetadataFilesAtProjectRoot=false -DDetectVMInstallationsJob.disabled=true -Dfile.encoding=utf8 -XX:+UseParallelGC -XX:GCTimeRatio=4 -XX:AdaptiveSizePolicyWeight=90 -Dsun.zip.disableMemoryMapping=true -Xmx1G -Xms100m -Xlog:disable -javaagent:/Users/malaybhagavan/.vscode/extensions/redhat.java-1.40.0-darwin-x64/lombok/lombok-1.18.36.jar 
java_command: /Users/malaybhagavan/.vscode/extensions/redhat.java-1.40.0-darwin-x64/server/plugins/org.eclipse.equinox.launcher_1.6.1000.v20250131-0606.jar -configuration /Users/malaybhagavan/Library/Application Support/Code/User/globalStorage/redhat.java/1.40.0/config_ss_mac -data /Users/malaybhagavan/Library/Application Support/Code/User/workspaceStorage/b4bbf4ffd24dd437c45192273744ac3f/redhat.java/ss_ws --pipe=/private/var/folders/c3/pjylz10s25l9ds0vrvrl3mmh0000gn/T/lsp-a650ac0509d097f929cc4ed78611c352.sock
java_class_path (initial): /Users/malaybhagavan/.vscode/extensions/redhat.java-1.40.0-darwin-x64/server/plugins/org.eclipse.equinox.launcher_1.6.1000.v20250131-0606.jar
Launcher Type: SUN_STANDARD

[Global flags]
    uintx AdaptiveSizePolicyWeight                 = 90                                        {product} {command line}
     intx CICompilerCount                          = 3                                         {product} {ergonomic}
    uintx GCTimeRatio                              = 4                                         {product} {command line}
   size_t InitialHeapSize                          = 104857600                                 {product} {command line}
   size_t MaxHeapSize                              = 1073741824                                {product} {command line}
   size_t MaxNewSize                               = 357564416                                 {product} {ergonomic}
   size_t MinHeapDeltaBytes                        = 524288                                    {product} {ergonomic}
   size_t MinHeapSize                              = 104857600                                 {product} {command line}
   size_t NewSize                                  = 34603008                                  {product} {ergonomic}
    uintx NonNMethodCodeHeapSize                   = 5832780                                {pd product} {ergonomic}
    uintx NonProfiledCodeHeapSize                  = 122912730                              {pd product} {ergonomic}
   size_t OldSize                                  = 70254592                                  {product} {ergonomic}
    uintx ProfiledCodeHeapSize                     = 122912730                              {pd product} {ergonomic}
    uintx ReservedCodeCacheSize                    = 251658240                              {pd product} {ergonomic}
     bool SegmentedCodeCache                       = true                                      {product} {ergonomic}
   size_t SoftMaxHeapSize                          = 1073741824                             {manageable} {ergonomic}
     bool UseCompressedOops                        = true                           {product lp64_product} {ergonomic}
     bool UseNUMA                                  = false                                     {product} {ergonomic}
     bool UseNUMAInterleaving                      = false                                     {product} {ergonomic}
     bool UseParallelGC                            = true                                      {product} {command line}

Logging:
Log output configuration:
 #0: stdout all=off uptime,level,tags foldmultilines=false
 #1: stderr all=off uptime,level,tags foldmultilines=false

Environment Variables:
PATH=/Users/malaybhagavan/.nvm/versions/node/v22.14.0/bin:/opt/homebrew/opt/llvm@19/bin:/usr/local/bin:/usr/local/sbin:/usr/local/bin:/usr/bin:/bin:/usr/sbin:/sbin:/Library/Apple/usr/bin
SHELL=/bin/zsh
TMPDIR=/var/folders/c3/pjylz10s25l9ds0vrvrl3mmh0000gn/T/

Active Locale:
LC_ALL=C
LC_COLLATE=C
LC_CTYPE=C
LC_MESSAGES=C
LC_MONETARY=C
LC_NUMERIC=C
LC_TIME=C

Signal Handlers:
   SIGSEGV: crash_handler in libjvm.dylib, mask=11100110000111110111111111111111, flags=SA_ONSTACK|SA_RESTART|SA_SIGINFO, unblocked
    SIGBUS: crash_handler in libjvm.dylib, mask=11100110000111110111111111111111, flags=SA_RESTART|SA_SIGINFO, unblocked
    SIGFPE: crash_handler in libjvm.dylib, mask=11100110000111110111111111111111, flags=SA_RESTART|SA_SIGINFO, unblocked
   SIGPIPE: javaSignalHandler in libjvm.dylib, mask=11100110000111110111111111111111, flags=SA_RESTART|SA_SIGINFO, blocked
   SIGXFSZ: javaSignalHandler in libjvm.dylib, mask=11100110000111110111111111111111, flags=SA_RESTART|SA_SIGINFO, blocked
    SIGILL: crash_handler in libjvm.dylib, mask=11100110000111110111111111111111, flags=SA_RESTART|SA_SIGINFO, unblocked
   SIGUSR2: SR_handler in libjvm.dylib, mask=00000000000000000000000000000000, flags=SA_RESTART|SA_SIGINFO, blocked
    SIGHUP: UserHandler in libjvm.dylib, mask=11100110000111110111111111111111, flags=SA_RESTART|SA_SIGINFO, blocked
    SIGINT: UserHandler in libjvm.dylib, mask=11100110000111110111111111111111, flags=SA_RESTART|SA_SIGINFO, blocked
   SIGTERM: UserHandler in libjvm.dylib, mask=11100110000111110111111111111111, flags=SA_RESTART|SA_SIGINFO, blocked
   SIGQUIT: UserHandler in libjvm.dylib, mask=11100110000111110111111111111111, flags=SA_RESTART|SA_SIGINFO, blocked
   SIGTRAP: crash_handler in libjvm.dylib, mask=11100110000111110111111111111111, flags=SA_RESTART|SA_SIGINFO, unblocked


Periodic native trim disabled

---------------  S Y S T E M  ---------------

OS:
uname: Darwin 21.6.0 Darwin Kernel Version 21.6.0: Mon Jun 24 00:56:10 PDT 2024; root:xnu-8020.240.18.709.2~1/RELEASE_X86_64 x86_64
OS uptime: 0 days 10:32 hours
rlimit (soft/hard): STACK 8192k/65532k , CORE 0k/infinity , NPROC 1392/2088 , NOFILE 1048576/infinity , AS infinity/infinity , CPU infinity/infinity , DATA infinity/infinity , FSIZE infinity/infinity , MEMLOCK infinity/infinity , RSS infinity/infinity
load average: 25.30 10.39 7.08

CPU: total 4 (initial active 4) (2 cores per cpu, 2 threads per core) family 6 model 78 stepping 3 microcode 0xf0, cx8, cmov, fxsr, ht, mmx, 3dnowpref, sse, sse2, sse3, ssse3, sse4.1, sse4.2, popcnt, lzcnt, tsc, tscinvbit, avx, avx2, aes, erms, clmul, bmi1, bmi2, adx, fma, vzeroupper, clflush, clflushopt, rdtscp, f16c
machdep.cpu.brand_string:Intel(R) Core(TM) i5-6267U CPU @ 2.90GHz
hw.cpufrequency:2900000000
hw.cpufrequency_min:2900000000
hw.cpufrequency_max:2900000000
hw.cachelinesize:64
hw.l1icachesize:32768
hw.l1dcachesize:32768
hw.l2cachesize:262144
hw.l3cachesize:4194304

Memory: 4k page, physical 8388608k(25704k free), swap 2097152k(461568k free)

vm_info: OpenJDK 64-Bit Server VM (21.0.6+7-LTS) for bsd-amd64 JRE (21.0.6+7-LTS), built on 2025-01-21T00:00:00Z by "admin" with clang Apple LLVM 15.0.0 (clang-1500.1.0.2.5)

END.
