2025-03-12 19:05:50,207 - INFO - === Ejectobot Automation Starting ===
2025-03-12 19:05:50,207 - INFO - === STARTING CYCLE 1 OF 3 ===
2025-03-12 19:05:50,207 - INFO - Starting cycle 1 of 3
2025-03-12 19:05:50,367 - INFO - Print job started: v1_sw_5mmcube_1.gcode on 3D Printer
2025-03-12 19:05:50,367 - INFO - Print started. Monitoring until completion...
2025-03-12 19:05:50,367 - INFO - Starting print monitoring
2025-03-12 19:05:50,850 - INFO - Print job in progress
2025-03-12 19:06:22,430 - INFO - Print job completed successfully
2025-03-12 19:06:27,436 - INFO - Triggering START_EJECT macro
2025-03-12 19:09:48,089 - INFO - Macro executed: START_EJECT on Ejectobot
2025-03-12 19:09:48,090 - INFO - Ejection process completed
2025-03-12 19:09:48,091 - INFO - Cycle 1 completed successfully
2025-03-12 19:09:48,091 - INFO - Waiting 10 seconds before next cycle...
2025-03-12 19:09:58,094 - INFO - === STARTING CYCLE 2 OF 3 ===
2025-03-12 19:09:58,095 - INFO - Starting cycle 2 of 3
2025-03-12 19:09:58,277 - INFO - Print job started: v1_sw_5mmcube_1.gcode on 3D Printer
2025-03-12 19:09:58,278 - INFO - Print started. Monitoring until completion...
2025-03-12 19:09:58,278 - INFO - Starting print monitoring
2025-03-12 19:09:58,818 - INFO - Print job in progress
2025-03-12 19:10:30,390 - INFO - Print job completed successfully
2025-03-12 19:10:35,391 - INFO - Triggering START_EJECT macro
2025-03-12 19:13:57,423 - INFO - Macro executed: START_EJECT on Ejectobot
2025-03-12 19:13:57,424 - INFO - Ejection process completed
2025-03-12 19:13:57,424 - INFO - Cycle 2 completed successfully
2025-03-12 19:13:57,424 - INFO - Waiting 10 seconds before next cycle...
2025-03-12 19:14:07,429 - INFO - === STARTING CYCLE 3 OF 3 ===
2025-03-12 19:14:07,430 - INFO - Starting cycle 3 of 3
2025-03-12 19:14:07,617 - INFO - Print job started: v1_sw_5mmcube_1.gcode on 3D Printer
2025-03-12 19:14:07,618 - INFO - Print started. Monitoring until completion...
2025-03-12 19:14:07,618 - INFO - Starting print monitoring
2025-03-12 19:14:08,009 - INFO - Print job in progress
2025-03-12 19:14:39,589 - INFO - Print job completed successfully
2025-03-12 19:14:44,593 - INFO - Triggering START_EJECT macro
2025-03-12 19:18:07,492 - INFO - Macro executed: START_EJECT on Ejectobot
2025-03-12 19:18:07,493 - INFO - Ejection process completed
2025-03-12 19:18:07,494 - INFO - Cycle 3 completed successfully
2025-03-12 19:18:07,494 - INFO - === ALL CYCLES COMPLETE: 3/3 successful ===
